mode: set
github.com/gourdian25/gourdianlogger/gourdianlogger.go:104.35,105.11 1 1
github.com/gourdian25/gourdianlogger/gourdianlogger.go:106.13,107.17 1 1
github.com/gourdian25/gourdianlogger/gourdianlogger.go:108.12,109.16 1 1
github.com/gourdian25/gourdianlogger/gourdianlogger.go:110.12,111.16 1 1
github.com/gourdian25/gourdianlogger/gourdianlogger.go:112.13,113.17 1 1
github.com/gourdian25/gourdianlogger/gourdianlogger.go:114.13,115.17 1 1
github.com/gourdian25/gourdianlogger/gourdianlogger.go:116.10,117.19 1 1
github.com/gourdian25/gourdianlogger/gourdianlogger.go:121.52,122.32 1 1
github.com/gourdian25/gourdianlogger/gourdianlogger.go:123.15,124.20 1 1
github.com/gourdian25/gourdianlogger/gourdianlogger.go:125.14,126.19 1 1
github.com/gourdian25/gourdianlogger/gourdianlogger.go:127.25,128.19 1 1
github.com/gourdian25/gourdianlogger/gourdianlogger.go:129.15,130.20 1 1
github.com/gourdian25/gourdianlogger/gourdianlogger.go:131.15,132.20 1 1
github.com/gourdian25/gourdianlogger/gourdianlogger.go:133.10,134.59 1 1
github.com/gourdian25/gourdianlogger/gourdianlogger.go:138.62,139.42 1 1
github.com/gourdian25/gourdianlogger/gourdianlogger.go:139.42,141.3 1 0
github.com/gourdian25/gourdianlogger/gourdianlogger.go:144.2,144.26 1 1
github.com/gourdian25/gourdianlogger/gourdianlogger.go:144.26,146.3 1 1
github.com/gourdian25/gourdianlogger/gourdianlogger.go:147.2,147.29 1 1
github.com/gourdian25/gourdianlogger/gourdianlogger.go:147.29,149.3 1 1
github.com/gourdian25/gourdianlogger/gourdianlogger.go:150.2,150.34 1 1
github.com/gourdian25/gourdianlogger/gourdianlogger.go:150.34,152.3 1 1
github.com/gourdian25/gourdianlogger/gourdianlogger.go:153.2,153.26 1 1
github.com/gourdian25/gourdianlogger/gourdianlogger.go:153.26,155.3 1 0
github.com/gourdian25/gourdianlogger/gourdianlogger.go:156.2,156.27 1 1
github.com/gourdian25/gourdianlogger/gourdianlogger.go:156.27,158.3 1 1
github.com/gourdian25/gourdianlogger/gourdianlogger.go:159.2,159.55 1 1
github.com/gourdian25/gourdianlogger/gourdianlogger.go:159.55,161.3 1 0
github.com/gourdian25/gourdianlogger/gourdianlogger.go:163.2,164.58 2 1
github.com/gourdian25/gourdianlogger/gourdianlogger.go:164.58,166.3 1 1
github.com/gourdian25/gourdianlogger/gourdianlogger.go:168.2,170.16 3 1
github.com/gourdian25/gourdianlogger/gourdianlogger.go:170.16,172.3 1 0
github.com/gourdian25/gourdianlogger/gourdianlogger.go:174.2,175.27 2 1
github.com/gourdian25/gourdianlogger/gourdianlogger.go:175.27,177.3 1 1
github.com/gourdian25/gourdianlogger/gourdianlogger.go:178.2,179.28 2 1
github.com/gourdian25/gourdianlogger/gourdianlogger.go:179.28,180.15 1 1
github.com/gourdian25/gourdianlogger/gourdianlogger.go:180.15,182.4 1 1
github.com/gourdian25/gourdianlogger/gourdianlogger.go:185.2,201.28 1 1
github.com/gourdian25/gourdianlogger/gourdianlogger.go:201.28,203.5 1 1
github.com/gourdian25/gourdianlogger/gourdianlogger.go:207.2,207.27 1 1
github.com/gourdian25/gourdianlogger/gourdianlogger.go:207.27,209.3 1 1
github.com/gourdian25/gourdianlogger/gourdianlogger.go:211.2,211.27 1 1
github.com/gourdian25/gourdianlogger/gourdianlogger.go:211.27,213.3 1 1
github.com/gourdian25/gourdianlogger/gourdianlogger.go:215.2,221.27 5 1
github.com/gourdian25/gourdianlogger/gourdianlogger.go:221.27,224.44 3 1
github.com/gourdian25/gourdianlogger/gourdianlogger.go:224.44,227.4 2 1
github.com/gourdian25/gourdianlogger/gourdianlogger.go:230.2,230.20 1 1
github.com/gourdian25/gourdianlogger/gourdianlogger.go:233.50,249.2 2 1
github.com/gourdian25/gourdianlogger/gourdianlogger.go:251.42,252.21 1 1
github.com/gourdian25/gourdianlogger/gourdianlogger.go:252.21,254.3 1 1
github.com/gourdian25/gourdianlogger/gourdianlogger.go:255.2,255.24 1 1
github.com/gourdian25/gourdianlogger/gourdianlogger.go:255.24,257.3 1 1
github.com/gourdian25/gourdianlogger/gourdianlogger.go:258.2,258.23 1 1
github.com/gourdian25/gourdianlogger/gourdianlogger.go:258.23,260.3 1 1
github.com/gourdian25/gourdianlogger/gourdianlogger.go:261.2,261.25 1 1
github.com/gourdian25/gourdianlogger/gourdianlogger.go:261.25,263.3 1 1
github.com/gourdian25/gourdianlogger/gourdianlogger.go:264.2,264.23 1 1
github.com/gourdian25/gourdianlogger/gourdianlogger.go:264.23,266.3 1 1
github.com/gourdian25/gourdianlogger/gourdianlogger.go:268.2,268.24 1 1
github.com/gourdian25/gourdianlogger/gourdianlogger.go:268.24,269.40 1 1
github.com/gourdian25/gourdianlogger/gourdianlogger.go:270.24,270.24 0 1
github.com/gourdian25/gourdianlogger/gourdianlogger.go:271.11,272.61 1 1
github.com/gourdian25/gourdianlogger/gourdianlogger.go:275.2,275.12 1 1
github.com/gourdian25/gourdianlogger/gourdianlogger.go:278.43,280.6 2 1
github.com/gourdian25/gourdianlogger/gourdianlogger.go:280.6,281.10 1 1
github.com/gourdian25/gourdianlogger/gourdianlogger.go:282.23,284.21 2 1
github.com/gourdian25/gourdianlogger/gourdianlogger.go:284.21,285.46 1 1
github.com/gourdian25/gourdianlogger/gourdianlogger.go:285.46,287.6 1 0
github.com/gourdian25/gourdianlogger/gourdianlogger.go:289.4,289.21 1 1
github.com/gourdian25/gourdianlogger/gourdianlogger.go:290.28,291.10 1 1
github.com/gourdian25/gourdianlogger/gourdianlogger.go:296.32,302.6 5 1
github.com/gourdian25/gourdianlogger/gourdianlogger.go:302.6,303.10 1 1
github.com/gourdian25/gourdianlogger/gourdianlogger.go:304.30,306.25 2 1
github.com/gourdian25/gourdianlogger/gourdianlogger.go:306.25,309.5 2 1
github.com/gourdian25/gourdianlogger/gourdianlogger.go:310.19,311.22 1 1
github.com/gourdian25/gourdianlogger/gourdianlogger.go:311.22,314.5 2 1
github.com/gourdian25/gourdianlogger/gourdianlogger.go:315.27,317.22 1 1
github.com/gourdian25/gourdianlogger/gourdianlogger.go:317.22,319.5 1 1
github.com/gourdian25/gourdianlogger/gourdianlogger.go:321.4,321.8 1 1
github.com/gourdian25/gourdianlogger/gourdianlogger.go:321.8,322.12 1 1
github.com/gourdian25/gourdianlogger/gourdianlogger.go:323.32,324.24 1 1
github.com/gourdian25/gourdianlogger/gourdianlogger.go:325.13,326.12 1 1
github.com/gourdian25/gourdianlogger/gourdianlogger.go:333.54,337.30 3 1
github.com/gourdian25/gourdianlogger/gourdianlogger.go:337.30,338.61 1 1
github.com/gourdian25/gourdianlogger/gourdianlogger.go:338.61,340.31 2 1
github.com/gourdian25/gourdianlogger/gourdianlogger.go:340.31,342.5 1 1
github.com/gourdian25/gourdianlogger/gourdianlogger.go:344.3,344.24 1 1
github.com/gourdian25/gourdianlogger/gourdianlogger.go:348.49,352.60 3 1
github.com/gourdian25/gourdianlogger/gourdianlogger.go:352.60,354.30 2 1
github.com/gourdian25/gourdianlogger/gourdianlogger.go:354.30,356.4 1 1
github.com/gourdian25/gourdianlogger/gourdianlogger.go:358.2,358.23 1 1
github.com/gourdian25/gourdianlogger/gourdianlogger.go:361.41,362.27 1 1
github.com/gourdian25/gourdianlogger/gourdianlogger.go:362.27,364.3 1 1
github.com/gourdian25/gourdianlogger/gourdianlogger.go:364.8,364.36 1 1
github.com/gourdian25/gourdianlogger/gourdianlogger.go:364.36,366.3 1 1
github.com/gourdian25/gourdianlogger/gourdianlogger.go:369.112,380.22 9 1
github.com/gourdian25/gourdianlogger/gourdianlogger.go:380.22,383.3 2 1
github.com/gourdian25/gourdianlogger/gourdianlogger.go:385.2,387.21 2 1
github.com/gourdian25/gourdianlogger/gourdianlogger.go:387.21,390.28 3 1
github.com/gourdian25/gourdianlogger/gourdianlogger.go:390.28,391.14 1 1
github.com/gourdian25/gourdianlogger/gourdianlogger.go:391.14,393.5 1 1
github.com/gourdian25/gourdianlogger/gourdianlogger.go:394.4,397.34 4 1
github.com/gourdian25/gourdianlogger/gourdianlogger.go:399.3,399.25 1 1
github.com/gourdian25/gourdianlogger/gourdianlogger.go:402.2,403.25 2 1
github.com/gourdian25/gourdianlogger/gourdianlogger.go:406.111,412.40 5 1
github.com/gourdian25/gourdianlogger/gourdianlogger.go:412.40,414.3 1 1
github.com/gourdian25/gourdianlogger/gourdianlogger.go:416.2,416.42 1 1
github.com/gourdian25/gourdianlogger/gourdianlogger.go:416.42,418.3 1 1
github.com/gourdian25/gourdianlogger/gourdianlogger.go:420.2,420.27 1 1
github.com/gourdian25/gourdianlogger/gourdianlogger.go:420.27,422.3 1 1
github.com/gourdian25/gourdianlogger/gourdianlogger.go:424.2,427.26 3 1
github.com/gourdian25/gourdianlogger/gourdianlogger.go:427.26,429.3 1 1
github.com/gourdian25/gourdianlogger/gourdianlogger.go:429.8,431.3 1 1
github.com/gourdian25/gourdianlogger/gourdianlogger.go:433.2,433.16 1 1
github.com/gourdian25/gourdianlogger/gourdianlogger.go:433.16,435.3 1 0
github.com/gourdian25/gourdianlogger/gourdianlogger.go:436.2,436.32 1 1
github.com/gourdian25/gourdianlogger/gourdianlogger.go:439.41,440.21 1 1
github.com/gourdian25/gourdianlogger/gourdianlogger.go:440.21,442.3 1 1
github.com/gourdian25/gourdianlogger/gourdianlogger.go:444.2,445.9 2 1
github.com/gourdian25/gourdianlogger/gourdianlogger.go:445.9,447.3 1 0
github.com/gourdian25/gourdianlogger/gourdianlogger.go:450.2,451.15 2 1
github.com/gourdian25/gourdianlogger/gourdianlogger.go:451.15,453.3 1 0
github.com/gourdian25/gourdianlogger/gourdianlogger.go:456.2,457.65 2 1
github.com/gourdian25/gourdianlogger/gourdianlogger.go:457.65,459.3 1 0
github.com/gourdian25/gourdianlogger/gourdianlogger.go:460.2,460.61 1 1
github.com/gourdian25/gourdianlogger/gourdianlogger.go:460.61,462.3 1 1
github.com/gourdian25/gourdianlogger/gourdianlogger.go:464.2,464.67 1 1
github.com/gourdian25/gourdianlogger/gourdianlogger.go:467.85,468.21 1 1
github.com/gourdian25/gourdianlogger/gourdianlogger.go:468.21,470.3 1 1
github.com/gourdian25/gourdianlogger/gourdianlogger.go:472.2,472.21 1 1
github.com/gourdian25/gourdianlogger/gourdianlogger.go:472.21,474.3 1 1
github.com/gourdian25/gourdianlogger/gourdianlogger.go:477.2,477.26 1 1
github.com/gourdian25/gourdianlogger/gourdianlogger.go:477.26,478.29 1 1
github.com/gourdian25/gourdianlogger/gourdianlogger.go:478.29,480.4 1 1
github.com/gourdian25/gourdianlogger/gourdianlogger.go:484.2,485.29 2 1
github.com/gourdian25/gourdianlogger/gourdianlogger.go:485.29,487.3 1 1
github.com/gourdian25/gourdianlogger/gourdianlogger.go:487.8,489.3 1 1
github.com/gourdian25/gourdianlogger/gourdianlogger.go:491.2,491.26 1 1
github.com/gourdian25/gourdianlogger/gourdianlogger.go:491.26,493.3 1 1
github.com/gourdian25/gourdianlogger/gourdianlogger.go:495.2,496.20 2 1
github.com/gourdian25/gourdianlogger/gourdianlogger.go:496.20,498.3 1 0
github.com/gourdian25/gourdianlogger/gourdianlogger.go:500.2,501.18 2 1
github.com/gourdian25/gourdianlogger/gourdianlogger.go:502.18,503.63 1 1
github.com/gourdian25/gourdianlogger/gourdianlogger.go:504.10,505.64 1 1
github.com/gourdian25/gourdianlogger/gourdianlogger.go:508.2,508.25 1 1
github.com/gourdian25/gourdianlogger/gourdianlogger.go:508.25,513.10 4 1
github.com/gourdian25/gourdianlogger/gourdianlogger.go:514.28,514.28 0 1
github.com/gourdian25/gourdianlogger/gourdianlogger.go:515.11,516.22 1 1
github.com/gourdian25/gourdianlogger/gourdianlogger.go:518.8,521.22 3 1
github.com/gourdian25/gourdianlogger/gourdianlogger.go:521.22,524.4 2 0
github.com/gourdian25/gourdianlogger/gourdianlogger.go:525.3,525.67 1 1
github.com/gourdian25/gourdianlogger/gourdianlogger.go:525.67,527.31 2 1
github.com/gourdian25/gourdianlogger/gourdianlogger.go:527.31,529.5 1 1
github.com/gourdian25/gourdianlogger/gourdianlogger.go:533.2,533.20 1 1
github.com/gourdian25/gourdianlogger/gourdianlogger.go:533.20,536.3 2 1
github.com/gourdian25/gourdianlogger/gourdianlogger.go:539.41,540.19 1 1
github.com/gourdian25/gourdianlogger/gourdianlogger.go:540.19,542.3 1 0
github.com/gourdian25/gourdianlogger/gourdianlogger.go:544.2,545.16 2 1
github.com/gourdian25/gourdianlogger/gourdianlogger.go:545.16,547.3 1 0
github.com/gourdian25/gourdianlogger/gourdianlogger.go:549.2,549.34 1 1
github.com/gourdian25/gourdianlogger/gourdianlogger.go:549.34,551.3 1 0
github.com/gourdian25/gourdianlogger/gourdianlogger.go:554.2,555.40 2 1
github.com/gourdian25/gourdianlogger/gourdianlogger.go:555.40,557.3 1 0
github.com/gourdian25/gourdianlogger/gourdianlogger.go:560.2,565.62 4 1
github.com/gourdian25/gourdianlogger/gourdianlogger.go:565.62,568.21 2 0
github.com/gourdian25/gourdianlogger/gourdianlogger.go:568.21,570.4 1 0
github.com/gourdian25/gourdianlogger/gourdianlogger.go:571.3,572.58 2 0
github.com/gourdian25/gourdianlogger/gourdianlogger.go:576.2,577.16 2 1
github.com/gourdian25/gourdianlogger/gourdianlogger.go:577.16,579.3 1 0
github.com/gourdian25/gourdianlogger/gourdianlogger.go:582.2,587.24 4 1
github.com/gourdian25/gourdianlogger/gourdianlogger.go:587.24,589.3 1 1
github.com/gourdian25/gourdianlogger/gourdianlogger.go:590.2,596.12 5 1
github.com/gourdian25/gourdianlogger/gourdianlogger.go:599.38,602.47 3 1
github.com/gourdian25/gourdianlogger/gourdianlogger.go:602.47,604.3 1 1
github.com/gourdian25/gourdianlogger/gourdianlogger.go:606.2,606.40 1 1
github.com/gourdian25/gourdianlogger/gourdianlogger.go:606.40,610.3 3 1
github.com/gourdian25/gourdianlogger/gourdianlogger.go:612.2,612.53 1 1
github.com/gourdian25/gourdianlogger/gourdianlogger.go:612.53,614.3 1 1
github.com/gourdian25/gourdianlogger/gourdianlogger.go:617.26,618.25 1 1
github.com/gourdian25/gourdianlogger/gourdianlogger.go:618.25,620.29 1 1
github.com/gourdian25/gourdianlogger/gourdianlogger.go:620.29,622.4 1 1
github.com/gourdian25/gourdianlogger/gourdianlogger.go:625.3,625.37 1 1
github.com/gourdian25/gourdianlogger/gourdianlogger.go:629.2,629.24 1 1
github.com/gourdian25/gourdianlogger/gourdianlogger.go:629.24,632.3 1 1
github.com/gourdian25/gourdianlogger/gourdianlogger.go:635.46,637.2 1 1
github.com/gourdian25/gourdianlogger/gourdianlogger.go:639.41,641.2 1 1
github.com/gourdian25/gourdianlogger/gourdianlogger.go:643.58,645.2 1 1
github.com/gourdian25/gourdianlogger/gourdianlogger.go:647.46,648.19 1 1
github.com/gourdian25/gourdianlogger/gourdianlogger.go:648.19,650.3 1 0
github.com/gourdian25/gourdianlogger/gourdianlogger.go:652.2,655.21 3 1
github.com/gourdian25/gourdianlogger/gourdianlogger.go:655.21,657.3 1 0
github.com/gourdian25/gourdianlogger/gourdianlogger.go:659.2,660.46 2 1
github.com/gourdian25/gourdianlogger/gourdianlogger.go:663.49,667.21 3 1
github.com/gourdian25/gourdianlogger/gourdianlogger.go:667.21,669.3 1 0
github.com/gourdian25/gourdianlogger/gourdianlogger.go:671.2,671.30 1 1
github.com/gourdian25/gourdianlogger/gourdianlogger.go:671.30,672.18 1 1
github.com/gourdian25/gourdianlogger/gourdianlogger.go:672.18,676.4 3 1
github.com/gourdian25/gourdianlogger/gourdianlogger.go:679.32,680.43 1 1
github.com/gourdian25/gourdianlogger/gourdianlogger.go:680.43,682.3 1 1
github.com/gourdian25/gourdianlogger/gourdianlogger.go:685.2,685.29 1 1
github.com/gourdian25/gourdianlogger/gourdianlogger.go:685.29,687.3 1 1
github.com/gourdian25/gourdianlogger/gourdianlogger.go:688.2,692.12 3 1
github.com/gourdian25/gourdianlogger/gourdianlogger.go:692.12,695.3 2 1
github.com/gourdian25/gourdianlogger/gourdianlogger.go:698.2,698.9 1 1
github.com/gourdian25/gourdianlogger/gourdianlogger.go:699.14,699.14 0 1
github.com/gourdian25/gourdianlogger/gourdianlogger.go:700.37,700.37 0 0
github.com/gourdian25/gourdianlogger/gourdianlogger.go:705.2,708.19 3 1
github.com/gourdian25/gourdianlogger/gourdianlogger.go:708.19,710.3 1 1
github.com/gourdian25/gourdianlogger/gourdianlogger.go:711.2,711.12 1 0
github.com/gourdian25/gourdianlogger/gourdianlogger.go:714.34,716.2 1 1
github.com/gourdian25/gourdianlogger/gourdianlogger.go:718.26,720.2 1 1
github.com/gourdian25/gourdianlogger/gourdianlogger.go:722.27,724.2 1 1
github.com/gourdian25/gourdianlogger/gourdianlogger.go:726.34,728.2 1 1
github.com/gourdian25/gourdianlogger/gourdianlogger.go:730.42,732.2 1 1
github.com/gourdian25/gourdianlogger/gourdianlogger.go:734.41,736.2 1 1
github.com/gourdian25/gourdianlogger/gourdianlogger.go:738.41,740.2 1 1
github.com/gourdian25/gourdianlogger/gourdianlogger.go:742.42,744.2 1 1
github.com/gourdian25/gourdianlogger/gourdianlogger.go:746.42,750.2 1 1
github.com/gourdian25/gourdianlogger/gourdianlogger.go:752.58,754.2 1 1
github.com/gourdian25/gourdianlogger/gourdianlogger.go:756.57,758.2 1 1
github.com/gourdian25/gourdianlogger/gourdianlogger.go:760.57,762.2 1 1
github.com/gourdian25/gourdianlogger/gourdianlogger.go:764.58,766.2 1 1
github.com/gourdian25/gourdianlogger/gourdianlogger.go:768.58,772.2 1 1
github.com/gourdian25/gourdianlogger/gourdianlogger.go:774.83,776.2 1 1
github.com/gourdian25/gourdianlogger/gourdianlogger.go:778.82,780.2 1 1
github.com/gourdian25/gourdianlogger/gourdianlogger.go:782.82,784.2 1 1
github.com/gourdian25/gourdianlogger/gourdianlogger.go:786.83,788.2 1 1
github.com/gourdian25/gourdianlogger/gourdianlogger.go:790.83,794.2 3 0
github.com/gourdian25/gourdianlogger/gourdianlogger.go:796.99,798.2 1 1
github.com/gourdian25/gourdianlogger/gourdianlogger.go:800.98,802.2 1 1
github.com/gourdian25/gourdianlogger/gourdianlogger.go:804.98,806.2 1 1
github.com/gourdian25/gourdianlogger/gourdianlogger.go:808.99,810.2 1 1
github.com/gourdian25/gourdianlogger/gourdianlogger.go:812.99,816.2 3 0
