mode: set
github.com/gourdian25/gourdianlogger/gourdianlogger.go:198.35,200.2 1 1
github.com/gourdian25/gourdianlogger/gourdianlogger.go:220.52,221.32 1 1
github.com/gourdian25/gourdianlogger/gourdianlogger.go:222.15,223.20 1 1
github.com/gourdian25/gourdianlogger/gourdianlogger.go:224.14,225.19 1 1
github.com/gourdian25/gourdianlogger/gourdianlogger.go:226.25,227.19 1 1
github.com/gourdian25/gourdianlogger/gourdianlogger.go:228.15,229.20 1 1
github.com/gourdian25/gourdianlogger/gourdianlogger.go:230.15,231.20 1 1
github.com/gourdian25/gourdianlogger/gourdianlogger.go:232.10,233.59 1 1
github.com/gourdian25/gourdianlogger/gourdianlogger.go:263.35,283.2 1 1
github.com/gourdian25/gourdianlogger/gourdianlogger.go:307.62,312.42 2 1
github.com/gourdian25/gourdianlogger/gourdianlogger.go:312.42,314.3 1 0
github.com/gourdian25/gourdianlogger/gourdianlogger.go:317.2,317.26 1 1
github.com/gourdian25/gourdianlogger/gourdianlogger.go:317.26,319.3 1 1
github.com/gourdian25/gourdianlogger/gourdianlogger.go:320.2,320.29 1 1
github.com/gourdian25/gourdianlogger/gourdianlogger.go:320.29,322.3 1 1
github.com/gourdian25/gourdianlogger/gourdianlogger.go:323.2,323.34 1 1
github.com/gourdian25/gourdianlogger/gourdianlogger.go:323.34,325.3 1 1
github.com/gourdian25/gourdianlogger/gourdianlogger.go:326.2,326.26 1 1
github.com/gourdian25/gourdianlogger/gourdianlogger.go:326.26,328.3 1 0
github.com/gourdian25/gourdianlogger/gourdianlogger.go:329.2,329.27 1 1
github.com/gourdian25/gourdianlogger/gourdianlogger.go:329.27,331.3 1 0
github.com/gourdian25/gourdianlogger/gourdianlogger.go:332.2,332.55 1 1
github.com/gourdian25/gourdianlogger/gourdianlogger.go:332.55,334.3 1 0
github.com/gourdian25/gourdianlogger/gourdianlogger.go:335.2,335.29 1 1
github.com/gourdian25/gourdianlogger/gourdianlogger.go:335.29,337.3 1 0
github.com/gourdian25/gourdianlogger/gourdianlogger.go:339.2,340.58 2 1
github.com/gourdian25/gourdianlogger/gourdianlogger.go:340.58,342.3 1 0
github.com/gourdian25/gourdianlogger/gourdianlogger.go:344.2,346.16 3 1
github.com/gourdian25/gourdianlogger/gourdianlogger.go:346.16,348.3 1 0
github.com/gourdian25/gourdianlogger/gourdianlogger.go:350.2,351.27 2 1
github.com/gourdian25/gourdianlogger/gourdianlogger.go:351.27,353.3 1 1
github.com/gourdian25/gourdianlogger/gourdianlogger.go:354.2,355.28 2 1
github.com/gourdian25/gourdianlogger/gourdianlogger.go:355.28,356.15 1 1
github.com/gourdian25/gourdianlogger/gourdianlogger.go:356.15,358.4 1 1
github.com/gourdian25/gourdianlogger/gourdianlogger.go:361.2,380.27 2 1
github.com/gourdian25/gourdianlogger/gourdianlogger.go:380.27,382.3 1 1
github.com/gourdian25/gourdianlogger/gourdianlogger.go:385.2,385.27 1 1
github.com/gourdian25/gourdianlogger/gourdianlogger.go:385.27,387.3 1 1
github.com/gourdian25/gourdianlogger/gourdianlogger.go:389.2,391.45 3 1
github.com/gourdian25/gourdianlogger/gourdianlogger.go:391.45,393.3 1 1
github.com/gourdian25/gourdianlogger/gourdianlogger.go:396.2,400.29 3 1
github.com/gourdian25/gourdianlogger/gourdianlogger.go:400.29,403.3 2 0
github.com/gourdian25/gourdianlogger/gourdianlogger.go:406.2,406.27 1 1
github.com/gourdian25/gourdianlogger/gourdianlogger.go:406.27,410.44 3 1
github.com/gourdian25/gourdianlogger/gourdianlogger.go:410.44,413.4 2 1
github.com/gourdian25/gourdianlogger/gourdianlogger.go:416.2,416.20 1 1
github.com/gourdian25/gourdianlogger/gourdianlogger.go:434.54,437.2 2 1
github.com/gourdian25/gourdianlogger/gourdianlogger.go:440.42,441.21 1 1
github.com/gourdian25/gourdianlogger/gourdianlogger.go:441.21,443.3 1 0
github.com/gourdian25/gourdianlogger/gourdianlogger.go:444.2,444.24 1 1
github.com/gourdian25/gourdianlogger/gourdianlogger.go:444.24,446.3 1 0
github.com/gourdian25/gourdianlogger/gourdianlogger.go:447.2,447.23 1 1
github.com/gourdian25/gourdianlogger/gourdianlogger.go:447.23,449.3 1 0
github.com/gourdian25/gourdianlogger/gourdianlogger.go:450.2,450.25 1 1
github.com/gourdian25/gourdianlogger/gourdianlogger.go:450.25,452.3 1 0
github.com/gourdian25/gourdianlogger/gourdianlogger.go:453.2,453.23 1 1
github.com/gourdian25/gourdianlogger/gourdianlogger.go:453.23,455.3 1 0
github.com/gourdian25/gourdianlogger/gourdianlogger.go:456.2,456.23 1 1
github.com/gourdian25/gourdianlogger/gourdianlogger.go:456.23,458.3 1 0
github.com/gourdian25/gourdianlogger/gourdianlogger.go:459.2,459.24 1 1
github.com/gourdian25/gourdianlogger/gourdianlogger.go:459.24,461.3 1 0
github.com/gourdian25/gourdianlogger/gourdianlogger.go:464.2,464.26 1 1
github.com/gourdian25/gourdianlogger/gourdianlogger.go:464.26,465.58 1 0
github.com/gourdian25/gourdianlogger/gourdianlogger.go:465.58,467.4 1 0
github.com/gourdian25/gourdianlogger/gourdianlogger.go:471.2,471.24 1 1
github.com/gourdian25/gourdianlogger/gourdianlogger.go:471.24,472.40 1 0
github.com/gourdian25/gourdianlogger/gourdianlogger.go:473.24,473.24 0 0
github.com/gourdian25/gourdianlogger/gourdianlogger.go:475.11,476.61 1 0
github.com/gourdian25/gourdianlogger/gourdianlogger.go:480.2,480.12 1 1
github.com/gourdian25/gourdianlogger/gourdianlogger.go:484.45,485.44 1 1
github.com/gourdian25/gourdianlogger/gourdianlogger.go:485.44,487.3 1 1
github.com/gourdian25/gourdianlogger/gourdianlogger.go:488.2,488.50 1 1
github.com/gourdian25/gourdianlogger/gourdianlogger.go:488.50,490.3 1 1
github.com/gourdian25/gourdianlogger/gourdianlogger.go:491.2,491.53 1 1
github.com/gourdian25/gourdianlogger/gourdianlogger.go:491.53,493.3 1 1
github.com/gourdian25/gourdianlogger/gourdianlogger.go:494.2,494.47 1 1
github.com/gourdian25/gourdianlogger/gourdianlogger.go:494.47,495.47 1 1
github.com/gourdian25/gourdianlogger/gourdianlogger.go:495.47,497.4 1 1
github.com/gourdian25/gourdianlogger/gourdianlogger.go:502.43,504.6 2 1
github.com/gourdian25/gourdianlogger/gourdianlogger.go:504.6,505.10 1 1
github.com/gourdian25/gourdianlogger/gourdianlogger.go:506.23,508.21 2 0
github.com/gourdian25/gourdianlogger/gourdianlogger.go:508.21,509.46 1 0
github.com/gourdian25/gourdianlogger/gourdianlogger.go:509.46,511.6 1 0
github.com/gourdian25/gourdianlogger/gourdianlogger.go:513.4,513.21 1 0
github.com/gourdian25/gourdianlogger/gourdianlogger.go:514.28,515.10 1 1
github.com/gourdian25/gourdianlogger/gourdianlogger.go:521.61,526.6 4 0
github.com/gourdian25/gourdianlogger/gourdianlogger.go:526.6,527.10 1 0
github.com/gourdian25/gourdianlogger/gourdianlogger.go:528.19,533.21 3 0
github.com/gourdian25/gourdianlogger/gourdianlogger.go:533.21,534.34 1 0
github.com/gourdian25/gourdianlogger/gourdianlogger.go:534.34,536.6 1 0
github.com/gourdian25/gourdianlogger/gourdianlogger.go:538.4,540.20 2 0
github.com/gourdian25/gourdianlogger/gourdianlogger.go:540.20,542.46 1 0
github.com/gourdian25/gourdianlogger/gourdianlogger.go:542.46,545.6 1 0
github.com/gourdian25/gourdianlogger/gourdianlogger.go:547.28,548.10 1 0
github.com/gourdian25/gourdianlogger/gourdianlogger.go:554.32,562.6 5 1
github.com/gourdian25/gourdianlogger/gourdianlogger.go:562.6,563.10 1 1
github.com/gourdian25/gourdianlogger/gourdianlogger.go:564.32,566.25 2 1
github.com/gourdian25/gourdianlogger/gourdianlogger.go:566.25,569.5 2 1
github.com/gourdian25/gourdianlogger/gourdianlogger.go:570.19,571.22 1 0
github.com/gourdian25/gourdianlogger/gourdianlogger.go:571.22,574.5 2 0
github.com/gourdian25/gourdianlogger/gourdianlogger.go:575.27,576.22 1 1
github.com/gourdian25/gourdianlogger/gourdianlogger.go:576.22,578.5 1 1
github.com/gourdian25/gourdianlogger/gourdianlogger.go:580.4,580.8 1 1
github.com/gourdian25/gourdianlogger/gourdianlogger.go:580.8,581.12 1 1
github.com/gourdian25/gourdianlogger/gourdianlogger.go:582.34,583.83 1 1
github.com/gourdian25/gourdianlogger/gourdianlogger.go:584.13,585.12 1 1
github.com/gourdian25/gourdianlogger/gourdianlogger.go:593.52,597.32 3 1
github.com/gourdian25/gourdianlogger/gourdianlogger.go:597.32,599.30 2 1
github.com/gourdian25/gourdianlogger/gourdianlogger.go:599.30,601.4 1 1
github.com/gourdian25/gourdianlogger/gourdianlogger.go:603.3,603.33 1 1
github.com/gourdian25/gourdianlogger/gourdianlogger.go:603.33,604.12 1 1
github.com/gourdian25/gourdianlogger/gourdianlogger.go:608.3,608.69 1 1
github.com/gourdian25/gourdianlogger/gourdianlogger.go:608.69,609.12 1 0
github.com/gourdian25/gourdianlogger/gourdianlogger.go:613.3,618.16 5 1
github.com/gourdian25/gourdianlogger/gourdianlogger.go:618.16,622.4 3 1
github.com/gourdian25/gourdianlogger/gourdianlogger.go:624.3,626.22 2 1
github.com/gourdian25/gourdianlogger/gourdianlogger.go:626.22,628.12 2 1
github.com/gourdian25/gourdianlogger/gourdianlogger.go:631.3,631.61 1 1
github.com/gourdian25/gourdianlogger/gourdianlogger.go:631.61,633.31 2 1
github.com/gourdian25/gourdianlogger/gourdianlogger.go:633.31,635.5 1 1
github.com/gourdian25/gourdianlogger/gourdianlogger.go:638.3,638.27 1 1
github.com/gourdian25/gourdianlogger/gourdianlogger.go:638.27,640.4 1 0
github.com/gourdian25/gourdianlogger/gourdianlogger.go:644.41,645.27 1 1
github.com/gourdian25/gourdianlogger/gourdianlogger.go:645.27,647.3 1 1
github.com/gourdian25/gourdianlogger/gourdianlogger.go:647.8,647.36 1 1
github.com/gourdian25/gourdianlogger/gourdianlogger.go:647.36,649.3 1 1
github.com/gourdian25/gourdianlogger/gourdianlogger.go:653.116,655.29 2 1
github.com/gourdian25/gourdianlogger/gourdianlogger.go:655.29,657.3 1 1
github.com/gourdian25/gourdianlogger/gourdianlogger.go:659.2,659.26 1 1
github.com/gourdian25/gourdianlogger/gourdianlogger.go:659.26,661.3 1 1
github.com/gourdian25/gourdianlogger/gourdianlogger.go:664.2,664.68 1 1
github.com/gourdian25/gourdianlogger/gourdianlogger.go:664.68,666.3 1 1
github.com/gourdian25/gourdianlogger/gourdianlogger.go:669.2,674.15 5 1
github.com/gourdian25/gourdianlogger/gourdianlogger.go:674.15,678.3 3 1
github.com/gourdian25/gourdianlogger/gourdianlogger.go:680.2,685.21 4 1
github.com/gourdian25/gourdianlogger/gourdianlogger.go:685.21,688.3 2 1
github.com/gourdian25/gourdianlogger/gourdianlogger.go:690.2,690.60 1 1
github.com/gourdian25/gourdianlogger/gourdianlogger.go:690.60,692.30 2 1
github.com/gourdian25/gourdianlogger/gourdianlogger.go:692.30,694.4 1 1
github.com/gourdian25/gourdianlogger/gourdianlogger.go:697.2,697.20 1 1
github.com/gourdian25/gourdianlogger/gourdianlogger.go:697.20,699.3 1 1
github.com/gourdian25/gourdianlogger/gourdianlogger.go:703.119,713.22 8 1
github.com/gourdian25/gourdianlogger/gourdianlogger.go:713.22,716.3 2 1
github.com/gourdian25/gourdianlogger/gourdianlogger.go:718.2,721.21 2 1
github.com/gourdian25/gourdianlogger/gourdianlogger.go:721.21,724.28 3 1
github.com/gourdian25/gourdianlogger/gourdianlogger.go:724.28,725.14 1 1
github.com/gourdian25/gourdianlogger/gourdianlogger.go:725.14,727.5 1 0
github.com/gourdian25/gourdianlogger/gourdianlogger.go:728.4,731.45 4 1
github.com/gourdian25/gourdianlogger/gourdianlogger.go:733.3,733.27 1 1
github.com/gourdian25/gourdianlogger/gourdianlogger.go:736.2,737.25 2 1
github.com/gourdian25/gourdianlogger/gourdianlogger.go:741.118,748.40 2 1
github.com/gourdian25/gourdianlogger/gourdianlogger.go:748.40,750.3 1 1
github.com/gourdian25/gourdianlogger/gourdianlogger.go:753.2,753.48 1 1
github.com/gourdian25/gourdianlogger/gourdianlogger.go:753.48,755.3 1 1
github.com/gourdian25/gourdianlogger/gourdianlogger.go:758.2,758.27 1 1
github.com/gourdian25/gourdianlogger/gourdianlogger.go:758.27,760.3 1 1
github.com/gourdian25/gourdianlogger/gourdianlogger.go:762.2,765.32 3 1
github.com/gourdian25/gourdianlogger/gourdianlogger.go:765.32,767.3 1 1
github.com/gourdian25/gourdianlogger/gourdianlogger.go:767.8,769.3 1 1
github.com/gourdian25/gourdianlogger/gourdianlogger.go:771.2,771.16 1 1
github.com/gourdian25/gourdianlogger/gourdianlogger.go:771.16,773.3 1 0
github.com/gourdian25/gourdianlogger/gourdianlogger.go:774.2,774.32 1 1
github.com/gourdian25/gourdianlogger/gourdianlogger.go:778.49,780.9 2 1
github.com/gourdian25/gourdianlogger/gourdianlogger.go:780.9,782.3 1 1
github.com/gourdian25/gourdianlogger/gourdianlogger.go:784.2,786.15 3 1
github.com/gourdian25/gourdianlogger/gourdianlogger.go:786.15,788.3 1 0
github.com/gourdian25/gourdianlogger/gourdianlogger.go:790.2,791.69 2 1
github.com/gourdian25/gourdianlogger/gourdianlogger.go:791.69,793.3 1 1
github.com/gourdian25/gourdianlogger/gourdianlogger.go:795.2,795.60 1 1
github.com/gourdian25/gourdianlogger/gourdianlogger.go:799.121,800.18 1 1
github.com/gourdian25/gourdianlogger/gourdianlogger.go:801.18,802.58 1 1
github.com/gourdian25/gourdianlogger/gourdianlogger.go:803.10,804.59 1 1
github.com/gourdian25/gourdianlogger/gourdianlogger.go:809.95,811.52 1 1
github.com/gourdian25/gourdianlogger/gourdianlogger.go:811.52,813.3 1 1
github.com/gourdian25/gourdianlogger/gourdianlogger.go:815.2,816.20 2 1
github.com/gourdian25/gourdianlogger/gourdianlogger.go:816.20,818.3 1 1
github.com/gourdian25/gourdianlogger/gourdianlogger.go:820.2,820.25 1 1
github.com/gourdian25/gourdianlogger/gourdianlogger.go:820.25,821.10 1 1
github.com/gourdian25/gourdianlogger/gourdianlogger.go:822.70,822.70 0 1
github.com/gourdian25/gourdianlogger/gourdianlogger.go:823.11,825.57 1 1
github.com/gourdian25/gourdianlogger/gourdianlogger.go:827.8,829.3 1 1
github.com/gourdian25/gourdianlogger/gourdianlogger.go:833.41,838.15 3 1
github.com/gourdian25/gourdianlogger/gourdianlogger.go:838.15,839.25 1 1
github.com/gourdian25/gourdianlogger/gourdianlogger.go:839.25,841.4 1 1
github.com/gourdian25/gourdianlogger/gourdianlogger.go:844.2,847.19 3 1
github.com/gourdian25/gourdianlogger/gourdianlogger.go:847.19,850.3 2 0
github.com/gourdian25/gourdianlogger/gourdianlogger.go:853.2,854.16 2 1
github.com/gourdian25/gourdianlogger/gourdianlogger.go:854.16,856.3 1 0
github.com/gourdian25/gourdianlogger/gourdianlogger.go:859.2,859.64 1 1
github.com/gourdian25/gourdianlogger/gourdianlogger.go:859.64,861.3 1 0
github.com/gourdian25/gourdianlogger/gourdianlogger.go:864.2,865.40 2 1
github.com/gourdian25/gourdianlogger/gourdianlogger.go:865.40,867.3 1 0
github.com/gourdian25/gourdianlogger/gourdianlogger.go:870.2,875.62 4 1
github.com/gourdian25/gourdianlogger/gourdianlogger.go:875.62,878.21 2 0
github.com/gourdian25/gourdianlogger/gourdianlogger.go:878.21,880.4 1 0
github.com/gourdian25/gourdianlogger/gourdianlogger.go:881.3,882.58 2 0
github.com/gourdian25/gourdianlogger/gourdianlogger.go:886.2,887.16 2 1
github.com/gourdian25/gourdianlogger/gourdianlogger.go:887.16,889.3 1 0
github.com/gourdian25/gourdianlogger/gourdianlogger.go:892.2,897.24 4 1
github.com/gourdian25/gourdianlogger/gourdianlogger.go:897.24,899.3 1 0
github.com/gourdian25/gourdianlogger/gourdianlogger.go:900.2,905.30 4 1
github.com/gourdian25/gourdianlogger/gourdianlogger.go:905.30,906.13 1 0
github.com/gourdian25/gourdianlogger/gourdianlogger.go:906.13,907.51 1 0
github.com/gourdian25/gourdianlogger/gourdianlogger.go:907.51,909.5 1 0
github.com/gourdian25/gourdianlogger/gourdianlogger.go:913.2,915.20 2 1
github.com/gourdian25/gourdianlogger/gourdianlogger.go:919.38,921.16 2 1
github.com/gourdian25/gourdianlogger/gourdianlogger.go:921.16,923.3 1 0
github.com/gourdian25/gourdianlogger/gourdianlogger.go:924.2,927.16 3 1
github.com/gourdian25/gourdianlogger/gourdianlogger.go:927.16,929.3 1 0
github.com/gourdian25/gourdianlogger/gourdianlogger.go:930.2,935.44 4 1
github.com/gourdian25/gourdianlogger/gourdianlogger.go:935.44,937.3 1 0
github.com/gourdian25/gourdianlogger/gourdianlogger.go:940.2,940.24 1 1
github.com/gourdian25/gourdianlogger/gourdianlogger.go:944.38,947.47 3 1
github.com/gourdian25/gourdianlogger/gourdianlogger.go:947.47,949.3 1 1
github.com/gourdian25/gourdianlogger/gourdianlogger.go:952.2,952.40 1 0
github.com/gourdian25/gourdianlogger/gourdianlogger.go:952.40,956.3 3 0
github.com/gourdian25/gourdianlogger/gourdianlogger.go:958.2,958.53 1 0
github.com/gourdian25/gourdianlogger/gourdianlogger.go:958.53,960.3 1 0
github.com/gourdian25/gourdianlogger/gourdianlogger.go:976.46,978.2 1 1
github.com/gourdian25/gourdianlogger/gourdianlogger.go:991.41,993.2 1 1
github.com/gourdian25/gourdianlogger/gourdianlogger.go:1011.58,1013.2 1 1
github.com/gourdian25/gourdianlogger/gourdianlogger.go:1027.46,1028.19 1 1
github.com/gourdian25/gourdianlogger/gourdianlogger.go:1028.19,1030.3 1 0
github.com/gourdian25/gourdianlogger/gourdianlogger.go:1032.2,1035.21 3 1
github.com/gourdian25/gourdianlogger/gourdianlogger.go:1035.21,1037.3 1 0
github.com/gourdian25/gourdianlogger/gourdianlogger.go:1039.2,1040.46 2 1
github.com/gourdian25/gourdianlogger/gourdianlogger.go:1052.49,1056.21 3 1
github.com/gourdian25/gourdianlogger/gourdianlogger.go:1056.21,1058.3 1 0
github.com/gourdian25/gourdianlogger/gourdianlogger.go:1060.2,1060.30 1 1
github.com/gourdian25/gourdianlogger/gourdianlogger.go:1060.30,1061.18 1 1
github.com/gourdian25/gourdianlogger/gourdianlogger.go:1061.18,1065.4 3 1
github.com/gourdian25/gourdianlogger/gourdianlogger.go:1079.32,1080.43 1 1
github.com/gourdian25/gourdianlogger/gourdianlogger.go:1080.43,1082.3 1 1
github.com/gourdian25/gourdianlogger/gourdianlogger.go:1085.2,1086.29 2 1
github.com/gourdian25/gourdianlogger/gourdianlogger.go:1086.29,1088.3 1 1
github.com/gourdian25/gourdianlogger/gourdianlogger.go:1091.2,1097.19 4 1
github.com/gourdian25/gourdianlogger/gourdianlogger.go:1097.19,1099.3 1 1
github.com/gourdian25/gourdianlogger/gourdianlogger.go:1100.2,1100.12 1 0
github.com/gourdian25/gourdianlogger/gourdianlogger.go:1115.42,1117.2 1 1
github.com/gourdian25/gourdianlogger/gourdianlogger.go:1129.41,1131.2 1 1
github.com/gourdian25/gourdianlogger/gourdianlogger.go:1143.41,1145.2 1 1
github.com/gourdian25/gourdianlogger/gourdianlogger.go:1157.42,1159.2 1 1
github.com/gourdian25/gourdianlogger/gourdianlogger.go:1172.42,1176.2 3 1
github.com/gourdian25/gourdianlogger/gourdianlogger.go:1189.58,1191.2 1 1
github.com/gourdian25/gourdianlogger/gourdianlogger.go:1203.57,1205.2 1 1
github.com/gourdian25/gourdianlogger/gourdianlogger.go:1217.57,1219.2 1 1
github.com/gourdian25/gourdianlogger/gourdianlogger.go:1231.58,1233.2 1 1
github.com/gourdian25/gourdianlogger/gourdianlogger.go:1246.58,1250.2 3 1
github.com/gourdian25/gourdianlogger/gourdianlogger.go:1267.83,1269.2 1 1
github.com/gourdian25/gourdianlogger/gourdianlogger.go:1284.82,1286.2 1 1
github.com/gourdian25/gourdianlogger/gourdianlogger.go:1301.82,1303.2 1 1
github.com/gourdian25/gourdianlogger/gourdianlogger.go:1318.83,1320.2 1 1
github.com/gourdian25/gourdianlogger/gourdianlogger.go:1336.83,1340.2 3 0
github.com/gourdian25/gourdianlogger/gourdianlogger.go:1356.99,1358.2 1 1
github.com/gourdian25/gourdianlogger/gourdianlogger.go:1373.98,1375.2 1 1
github.com/gourdian25/gourdianlogger/gourdianlogger.go:1390.98,1392.2 1 1
github.com/gourdian25/gourdianlogger/gourdianlogger.go:1407.99,1409.2 1 1
github.com/gourdian25/gourdianlogger/gourdianlogger.go:1425.99,1429.2 3 0
github.com/gourdian25/gourdianlogger/gourdianlogger.go:1439.26,1440.25 1 1
github.com/gourdian25/gourdianlogger/gourdianlogger.go:1440.25,1441.29 1 1
github.com/gourdian25/gourdianlogger/gourdianlogger.go:1441.29,1443.4 1 1
github.com/gourdian25/gourdianlogger/gourdianlogger.go:1459.34,1461.2 1 1
github.com/gourdian25/gourdianlogger/gourdianlogger.go:1484.53,1485.37 1 1
github.com/gourdian25/gourdianlogger/gourdianlogger.go:1485.37,1487.3 1 0
github.com/gourdian25/gourdianlogger/gourdianlogger.go:1489.2,1490.68 2 1
github.com/gourdian25/gourdianlogger/gourdianlogger.go:1490.68,1492.3 1 1
github.com/gourdian25/gourdianlogger/gourdianlogger.go:1494.2,1494.26 1 1
github.com/gourdian25/gourdianlogger/gourdianlogger.go:1494.26,1496.3 1 0
github.com/gourdian25/gourdianlogger/gourdianlogger.go:1498.2,1498.58 1 1
github.com/gourdian25/gourdianlogger/gourdianlogger.go:1498.58,1500.3 1 0
github.com/gourdian25/gourdianlogger/gourdianlogger.go:1502.2,1502.34 1 1
github.com/gourdian25/gourdianlogger/gourdianlogger.go:1505.58,1515.26 3 1
github.com/gourdian25/gourdianlogger/gourdianlogger.go:1515.26,1518.3 2 1
github.com/gourdian25/gourdianlogger/gourdianlogger.go:1520.2,1520.51 1 1
github.com/gourdian25/gourdianlogger/gourdianlogger.go:1520.51,1522.3 1 0
github.com/gourdian25/gourdianlogger/gourdianlogger.go:1524.2,1524.27 1 1
github.com/gourdian25/gourdianlogger/gourdianlogger.go:1524.27,1526.3 1 1
github.com/gourdian25/gourdianlogger/gourdianlogger.go:1526.8,1528.17 2 1
github.com/gourdian25/gourdianlogger/gourdianlogger.go:1528.17,1530.4 1 1
github.com/gourdian25/gourdianlogger/gourdianlogger.go:1531.3,1531.22 1 1
github.com/gourdian25/gourdianlogger/gourdianlogger.go:1534.2,1534.25 1 1
github.com/gourdian25/gourdianlogger/gourdianlogger.go:1534.25,1536.3 1 1
github.com/gourdian25/gourdianlogger/gourdianlogger.go:1536.8,1537.41 1 1
github.com/gourdian25/gourdianlogger/gourdianlogger.go:1538.16,1539.27 1 0
github.com/gourdian25/gourdianlogger/gourdianlogger.go:1540.15,1541.26 1 1
github.com/gourdian25/gourdianlogger/gourdianlogger.go:1542.11,1543.62 1 1
github.com/gourdian25/gourdianlogger/gourdianlogger.go:1548.2,1548.25 1 1
github.com/gourdian25/gourdianlogger/gourdianlogger.go:1548.25,1550.3 1 1
github.com/gourdian25/gourdianlogger/gourdianlogger.go:1551.2,1551.23 1 1
github.com/gourdian25/gourdianlogger/gourdianlogger.go:1551.23,1553.3 1 1
github.com/gourdian25/gourdianlogger/gourdianlogger.go:1555.2,1555.12 1 1
