mode: set
github.com/gourdian25/gourdianlogger/gourdianlogger.go:114.35,115.11 1 1
github.com/gourdian25/gourdianlogger/gourdianlogger.go:116.13,117.17 1 1
github.com/gourdian25/gourdianlogger/gourdianlogger.go:118.12,119.16 1 1
github.com/gourdian25/gourdianlogger/gourdianlogger.go:120.12,121.16 1 1
github.com/gourdian25/gourdianlogger/gourdianlogger.go:122.13,123.17 1 1
github.com/gourdian25/gourdianlogger/gourdianlogger.go:124.13,125.17 1 1
github.com/gourdian25/gourdianlogger/gourdianlogger.go:126.10,127.19 1 1
github.com/gourdian25/gourdianlogger/gourdianlogger.go:140.52,141.32 1 1
github.com/gourdian25/gourdianlogger/gourdianlogger.go:142.15,143.20 1 1
github.com/gourdian25/gourdianlogger/gourdianlogger.go:144.14,145.19 1 1
github.com/gourdian25/gourdianlogger/gourdianlogger.go:146.25,147.19 1 1
github.com/gourdian25/gourdianlogger/gourdianlogger.go:148.15,149.20 1 1
github.com/gourdian25/gourdianlogger/gourdianlogger.go:150.15,151.20 1 1
github.com/gourdian25/gourdianlogger/gourdianlogger.go:152.10,153.59 1 1
github.com/gourdian25/gourdianlogger/gourdianlogger.go:171.62,172.42 1 1
github.com/gourdian25/gourdianlogger/gourdianlogger.go:172.42,174.3 1 0
github.com/gourdian25/gourdianlogger/gourdianlogger.go:177.2,177.26 1 1
github.com/gourdian25/gourdianlogger/gourdianlogger.go:177.26,179.3 1 1
github.com/gourdian25/gourdianlogger/gourdianlogger.go:180.2,180.29 1 1
github.com/gourdian25/gourdianlogger/gourdianlogger.go:180.29,182.3 1 1
github.com/gourdian25/gourdianlogger/gourdianlogger.go:183.2,183.34 1 1
github.com/gourdian25/gourdianlogger/gourdianlogger.go:183.34,185.3 1 1
github.com/gourdian25/gourdianlogger/gourdianlogger.go:186.2,186.26 1 1
github.com/gourdian25/gourdianlogger/gourdianlogger.go:186.26,188.3 1 0
github.com/gourdian25/gourdianlogger/gourdianlogger.go:189.2,189.27 1 1
github.com/gourdian25/gourdianlogger/gourdianlogger.go:189.27,191.3 1 1
github.com/gourdian25/gourdianlogger/gourdianlogger.go:192.2,192.55 1 1
github.com/gourdian25/gourdianlogger/gourdianlogger.go:192.55,194.3 1 1
github.com/gourdian25/gourdianlogger/gourdianlogger.go:196.2,197.58 2 1
github.com/gourdian25/gourdianlogger/gourdianlogger.go:197.58,199.3 1 1
github.com/gourdian25/gourdianlogger/gourdianlogger.go:201.2,203.16 3 1
github.com/gourdian25/gourdianlogger/gourdianlogger.go:203.16,205.3 1 0
github.com/gourdian25/gourdianlogger/gourdianlogger.go:207.2,208.27 2 1
github.com/gourdian25/gourdianlogger/gourdianlogger.go:208.27,210.3 1 1
github.com/gourdian25/gourdianlogger/gourdianlogger.go:211.2,212.28 2 1
github.com/gourdian25/gourdianlogger/gourdianlogger.go:212.28,213.15 1 1
github.com/gourdian25/gourdianlogger/gourdianlogger.go:213.15,215.4 1 1
github.com/gourdian25/gourdianlogger/gourdianlogger.go:218.2,234.28 1 1
github.com/gourdian25/gourdianlogger/gourdianlogger.go:234.28,236.5 1 1
github.com/gourdian25/gourdianlogger/gourdianlogger.go:240.2,240.27 1 1
github.com/gourdian25/gourdianlogger/gourdianlogger.go:240.27,242.3 1 1
github.com/gourdian25/gourdianlogger/gourdianlogger.go:245.2,245.27 1 1
github.com/gourdian25/gourdianlogger/gourdianlogger.go:245.27,248.3 1 1
github.com/gourdian25/gourdianlogger/gourdianlogger.go:250.2,256.27 5 1
github.com/gourdian25/gourdianlogger/gourdianlogger.go:256.27,259.44 3 1
github.com/gourdian25/gourdianlogger/gourdianlogger.go:259.44,262.4 2 1
github.com/gourdian25/gourdianlogger/gourdianlogger.go:265.2,265.20 1 1
github.com/gourdian25/gourdianlogger/gourdianlogger.go:278.50,294.2 2 1
github.com/gourdian25/gourdianlogger/gourdianlogger.go:298.42,299.21 1 1
github.com/gourdian25/gourdianlogger/gourdianlogger.go:299.21,301.3 1 1
github.com/gourdian25/gourdianlogger/gourdianlogger.go:302.2,302.24 1 1
github.com/gourdian25/gourdianlogger/gourdianlogger.go:302.24,304.3 1 1
github.com/gourdian25/gourdianlogger/gourdianlogger.go:305.2,305.23 1 1
github.com/gourdian25/gourdianlogger/gourdianlogger.go:305.23,307.3 1 1
github.com/gourdian25/gourdianlogger/gourdianlogger.go:308.2,308.25 1 1
github.com/gourdian25/gourdianlogger/gourdianlogger.go:308.25,310.3 1 1
github.com/gourdian25/gourdianlogger/gourdianlogger.go:311.2,311.23 1 1
github.com/gourdian25/gourdianlogger/gourdianlogger.go:311.23,313.3 1 1
github.com/gourdian25/gourdianlogger/gourdianlogger.go:315.2,315.24 1 1
github.com/gourdian25/gourdianlogger/gourdianlogger.go:315.24,316.40 1 1
github.com/gourdian25/gourdianlogger/gourdianlogger.go:317.24,317.24 0 1
github.com/gourdian25/gourdianlogger/gourdianlogger.go:318.11,319.61 1 1
github.com/gourdian25/gourdianlogger/gourdianlogger.go:322.2,322.12 1 1
github.com/gourdian25/gourdianlogger/gourdianlogger.go:325.43,327.6 2 1
github.com/gourdian25/gourdianlogger/gourdianlogger.go:327.6,328.10 1 1
github.com/gourdian25/gourdianlogger/gourdianlogger.go:329.23,331.21 2 1
github.com/gourdian25/gourdianlogger/gourdianlogger.go:331.21,332.46 1 1
github.com/gourdian25/gourdianlogger/gourdianlogger.go:332.46,334.6 1 0
github.com/gourdian25/gourdianlogger/gourdianlogger.go:336.4,336.21 1 1
github.com/gourdian25/gourdianlogger/gourdianlogger.go:337.28,338.10 1 1
github.com/gourdian25/gourdianlogger/gourdianlogger.go:343.32,349.6 5 1
github.com/gourdian25/gourdianlogger/gourdianlogger.go:349.6,350.10 1 1
github.com/gourdian25/gourdianlogger/gourdianlogger.go:351.30,353.25 2 1
github.com/gourdian25/gourdianlogger/gourdianlogger.go:353.25,356.5 2 1
github.com/gourdian25/gourdianlogger/gourdianlogger.go:357.19,358.22 1 1
github.com/gourdian25/gourdianlogger/gourdianlogger.go:358.22,361.5 2 1
github.com/gourdian25/gourdianlogger/gourdianlogger.go:362.27,364.22 1 1
github.com/gourdian25/gourdianlogger/gourdianlogger.go:364.22,366.5 1 1
github.com/gourdian25/gourdianlogger/gourdianlogger.go:368.4,368.8 1 1
github.com/gourdian25/gourdianlogger/gourdianlogger.go:368.8,369.12 1 1
github.com/gourdian25/gourdianlogger/gourdianlogger.go:370.32,371.24 1 1
github.com/gourdian25/gourdianlogger/gourdianlogger.go:372.13,373.12 1 1
github.com/gourdian25/gourdianlogger/gourdianlogger.go:380.69,381.29 1 1
github.com/gourdian25/gourdianlogger/gourdianlogger.go:381.29,383.3 1 1
github.com/gourdian25/gourdianlogger/gourdianlogger.go:385.2,386.19 2 1
github.com/gourdian25/gourdianlogger/gourdianlogger.go:386.19,388.3 1 1
github.com/gourdian25/gourdianlogger/gourdianlogger.go:388.8,390.3 1 0
github.com/gourdian25/gourdianlogger/gourdianlogger.go:392.2,392.41 1 1
github.com/gourdian25/gourdianlogger/gourdianlogger.go:392.41,394.3 1 0
github.com/gourdian25/gourdianlogger/gourdianlogger.go:397.54,399.21 1 1
github.com/gourdian25/gourdianlogger/gourdianlogger.go:399.21,400.31 1 0
github.com/gourdian25/gourdianlogger/gourdianlogger.go:400.31,402.4 1 0
github.com/gourdian25/gourdianlogger/gourdianlogger.go:403.3,403.9 1 0
github.com/gourdian25/gourdianlogger/gourdianlogger.go:406.2,409.30 3 1
github.com/gourdian25/gourdianlogger/gourdianlogger.go:409.30,410.61 1 1
github.com/gourdian25/gourdianlogger/gourdianlogger.go:410.61,412.31 2 1
github.com/gourdian25/gourdianlogger/gourdianlogger.go:412.31,414.5 1 1
github.com/gourdian25/gourdianlogger/gourdianlogger.go:416.3,416.24 1 1
github.com/gourdian25/gourdianlogger/gourdianlogger.go:420.49,422.21 1 1
github.com/gourdian25/gourdianlogger/gourdianlogger.go:422.21,425.3 2 0
github.com/gourdian25/gourdianlogger/gourdianlogger.go:427.2,430.60 3 1
github.com/gourdian25/gourdianlogger/gourdianlogger.go:430.60,432.30 2 1
github.com/gourdian25/gourdianlogger/gourdianlogger.go:432.30,434.4 1 1
github.com/gourdian25/gourdianlogger/gourdianlogger.go:436.2,436.23 1 1
github.com/gourdian25/gourdianlogger/gourdianlogger.go:439.41,440.27 1 1
github.com/gourdian25/gourdianlogger/gourdianlogger.go:440.27,442.3 1 1
github.com/gourdian25/gourdianlogger/gourdianlogger.go:442.8,442.36 1 1
github.com/gourdian25/gourdianlogger/gourdianlogger.go:442.36,444.3 1 1
github.com/gourdian25/gourdianlogger/gourdianlogger.go:447.112,460.22 7 1
github.com/gourdian25/gourdianlogger/gourdianlogger.go:460.22,463.3 2 1
github.com/gourdian25/gourdianlogger/gourdianlogger.go:466.2,469.21 2 1
github.com/gourdian25/gourdianlogger/gourdianlogger.go:469.21,473.25 4 1
github.com/gourdian25/gourdianlogger/gourdianlogger.go:473.25,475.4 1 1
github.com/gourdian25/gourdianlogger/gourdianlogger.go:476.3,478.26 2 1
github.com/gourdian25/gourdianlogger/gourdianlogger.go:478.26,479.14 1 1
github.com/gourdian25/gourdianlogger/gourdianlogger.go:479.14,481.5 1 1
github.com/gourdian25/gourdianlogger/gourdianlogger.go:482.4,485.42 4 1
github.com/gourdian25/gourdianlogger/gourdianlogger.go:487.3,487.27 1 1
github.com/gourdian25/gourdianlogger/gourdianlogger.go:490.2,491.25 2 1
github.com/gourdian25/gourdianlogger/gourdianlogger.go:494.111,500.40 5 1
github.com/gourdian25/gourdianlogger/gourdianlogger.go:500.40,502.3 1 1
github.com/gourdian25/gourdianlogger/gourdianlogger.go:504.2,504.42 1 1
github.com/gourdian25/gourdianlogger/gourdianlogger.go:504.42,506.3 1 1
github.com/gourdian25/gourdianlogger/gourdianlogger.go:508.2,508.27 1 1
github.com/gourdian25/gourdianlogger/gourdianlogger.go:508.27,510.3 1 1
github.com/gourdian25/gourdianlogger/gourdianlogger.go:512.2,515.26 3 1
github.com/gourdian25/gourdianlogger/gourdianlogger.go:515.26,517.3 1 1
github.com/gourdian25/gourdianlogger/gourdianlogger.go:517.8,519.3 1 1
github.com/gourdian25/gourdianlogger/gourdianlogger.go:521.2,521.16 1 1
github.com/gourdian25/gourdianlogger/gourdianlogger.go:521.16,523.3 1 0
github.com/gourdian25/gourdianlogger/gourdianlogger.go:524.2,524.32 1 1
github.com/gourdian25/gourdianlogger/gourdianlogger.go:527.41,528.21 1 1
github.com/gourdian25/gourdianlogger/gourdianlogger.go:528.21,530.3 1 1
github.com/gourdian25/gourdianlogger/gourdianlogger.go:532.2,533.9 2 1
github.com/gourdian25/gourdianlogger/gourdianlogger.go:533.9,535.3 1 0
github.com/gourdian25/gourdianlogger/gourdianlogger.go:538.2,539.15 2 1
github.com/gourdian25/gourdianlogger/gourdianlogger.go:539.15,541.3 1 0
github.com/gourdian25/gourdianlogger/gourdianlogger.go:544.2,545.65 2 1
github.com/gourdian25/gourdianlogger/gourdianlogger.go:545.65,547.3 1 1
github.com/gourdian25/gourdianlogger/gourdianlogger.go:548.2,548.61 1 1
github.com/gourdian25/gourdianlogger/gourdianlogger.go:548.61,550.3 1 1
github.com/gourdian25/gourdianlogger/gourdianlogger.go:552.2,552.67 1 1
github.com/gourdian25/gourdianlogger/gourdianlogger.go:555.85,556.21 1 1
github.com/gourdian25/gourdianlogger/gourdianlogger.go:556.21,558.3 1 1
github.com/gourdian25/gourdianlogger/gourdianlogger.go:561.2,561.26 1 1
github.com/gourdian25/gourdianlogger/gourdianlogger.go:561.26,562.29 1 1
github.com/gourdian25/gourdianlogger/gourdianlogger.go:562.29,564.4 1 1
github.com/gourdian25/gourdianlogger/gourdianlogger.go:568.2,569.29 2 1
github.com/gourdian25/gourdianlogger/gourdianlogger.go:569.29,571.3 1 1
github.com/gourdian25/gourdianlogger/gourdianlogger.go:571.8,573.3 1 1
github.com/gourdian25/gourdianlogger/gourdianlogger.go:575.2,575.26 1 1
github.com/gourdian25/gourdianlogger/gourdianlogger.go:575.26,577.3 1 1
github.com/gourdian25/gourdianlogger/gourdianlogger.go:579.2,580.20 2 1
github.com/gourdian25/gourdianlogger/gourdianlogger.go:580.20,582.3 1 1
github.com/gourdian25/gourdianlogger/gourdianlogger.go:584.2,585.18 2 1
github.com/gourdian25/gourdianlogger/gourdianlogger.go:586.18,587.63 1 1
github.com/gourdian25/gourdianlogger/gourdianlogger.go:588.10,589.64 1 1
github.com/gourdian25/gourdianlogger/gourdianlogger.go:592.2,592.21 1 1
github.com/gourdian25/gourdianlogger/gourdianlogger.go:592.21,595.3 2 1
github.com/gourdian25/gourdianlogger/gourdianlogger.go:597.2,597.25 1 1
github.com/gourdian25/gourdianlogger/gourdianlogger.go:597.25,602.10 4 1
github.com/gourdian25/gourdianlogger/gourdianlogger.go:603.28,603.28 0 1
github.com/gourdian25/gourdianlogger/gourdianlogger.go:604.11,605.22 1 1
github.com/gourdian25/gourdianlogger/gourdianlogger.go:607.8,610.22 3 1
github.com/gourdian25/gourdianlogger/gourdianlogger.go:610.22,613.4 2 0
github.com/gourdian25/gourdianlogger/gourdianlogger.go:614.3,614.67 1 1
github.com/gourdian25/gourdianlogger/gourdianlogger.go:614.67,617.4 2 1
github.com/gourdian25/gourdianlogger/gourdianlogger.go:620.2,620.20 1 1
github.com/gourdian25/gourdianlogger/gourdianlogger.go:620.20,623.3 2 1
github.com/gourdian25/gourdianlogger/gourdianlogger.go:626.41,627.19 1 1
github.com/gourdian25/gourdianlogger/gourdianlogger.go:627.19,629.3 1 1
github.com/gourdian25/gourdianlogger/gourdianlogger.go:631.2,632.16 2 1
github.com/gourdian25/gourdianlogger/gourdianlogger.go:632.16,634.3 1 0
github.com/gourdian25/gourdianlogger/gourdianlogger.go:636.2,636.34 1 1
github.com/gourdian25/gourdianlogger/gourdianlogger.go:636.34,638.3 1 0
github.com/gourdian25/gourdianlogger/gourdianlogger.go:641.2,642.40 2 1
github.com/gourdian25/gourdianlogger/gourdianlogger.go:642.40,644.3 1 0
github.com/gourdian25/gourdianlogger/gourdianlogger.go:647.2,656.20 6 1
github.com/gourdian25/gourdianlogger/gourdianlogger.go:656.20,658.23 1 0
github.com/gourdian25/gourdianlogger/gourdianlogger.go:658.23,659.108 1 0
github.com/gourdian25/gourdianlogger/gourdianlogger.go:659.108,662.5 2 0
github.com/gourdian25/gourdianlogger/gourdianlogger.go:664.3,664.96 1 0
github.com/gourdian25/gourdianlogger/gourdianlogger.go:668.2,673.24 4 1
github.com/gourdian25/gourdianlogger/gourdianlogger.go:673.24,675.3 1 1
github.com/gourdian25/gourdianlogger/gourdianlogger.go:676.2,680.22 4 1
github.com/gourdian25/gourdianlogger/gourdianlogger.go:680.22,682.3 1 1
github.com/gourdian25/gourdianlogger/gourdianlogger.go:685.2,686.12 2 1
github.com/gourdian25/gourdianlogger/gourdianlogger.go:689.38,692.47 3 1
github.com/gourdian25/gourdianlogger/gourdianlogger.go:692.47,694.3 1 1
github.com/gourdian25/gourdianlogger/gourdianlogger.go:696.2,696.40 1 1
github.com/gourdian25/gourdianlogger/gourdianlogger.go:696.40,700.3 3 1
github.com/gourdian25/gourdianlogger/gourdianlogger.go:702.2,702.53 1 1
github.com/gourdian25/gourdianlogger/gourdianlogger.go:702.53,704.3 1 1
github.com/gourdian25/gourdianlogger/gourdianlogger.go:715.26,716.25 1 1
github.com/gourdian25/gourdianlogger/gourdianlogger.go:716.25,718.29 1 1
github.com/gourdian25/gourdianlogger/gourdianlogger.go:718.29,720.4 1 1
github.com/gourdian25/gourdianlogger/gourdianlogger.go:723.3,723.37 1 1
github.com/gourdian25/gourdianlogger/gourdianlogger.go:727.2,727.24 1 1
github.com/gourdian25/gourdianlogger/gourdianlogger.go:727.24,730.3 1 1
github.com/gourdian25/gourdianlogger/gourdianlogger.go:739.46,741.2 1 1
github.com/gourdian25/gourdianlogger/gourdianlogger.go:750.41,752.2 1 1
github.com/gourdian25/gourdianlogger/gourdianlogger.go:766.58,768.2 1 1
github.com/gourdian25/gourdianlogger/gourdianlogger.go:777.46,778.19 1 1
github.com/gourdian25/gourdianlogger/gourdianlogger.go:778.19,780.3 1 0
github.com/gourdian25/gourdianlogger/gourdianlogger.go:782.2,785.21 3 1
github.com/gourdian25/gourdianlogger/gourdianlogger.go:785.21,787.3 1 0
github.com/gourdian25/gourdianlogger/gourdianlogger.go:789.2,790.46 2 1
github.com/gourdian25/gourdianlogger/gourdianlogger.go:798.49,802.21 3 1
github.com/gourdian25/gourdianlogger/gourdianlogger.go:802.21,804.3 1 0
github.com/gourdian25/gourdianlogger/gourdianlogger.go:806.2,806.30 1 1
github.com/gourdian25/gourdianlogger/gourdianlogger.go:806.30,807.18 1 1
github.com/gourdian25/gourdianlogger/gourdianlogger.go:807.18,811.4 3 1
github.com/gourdian25/gourdianlogger/gourdianlogger.go:821.32,822.43 1 1
github.com/gourdian25/gourdianlogger/gourdianlogger.go:822.43,824.3 1 1
github.com/gourdian25/gourdianlogger/gourdianlogger.go:827.2,827.29 1 1
github.com/gourdian25/gourdianlogger/gourdianlogger.go:827.29,829.3 1 1
github.com/gourdian25/gourdianlogger/gourdianlogger.go:830.2,834.12 3 1
github.com/gourdian25/gourdianlogger/gourdianlogger.go:834.12,837.3 2 1
github.com/gourdian25/gourdianlogger/gourdianlogger.go:840.2,840.9 1 1
github.com/gourdian25/gourdianlogger/gourdianlogger.go:841.14,841.14 0 1
github.com/gourdian25/gourdianlogger/gourdianlogger.go:842.37,842.37 0 0
github.com/gourdian25/gourdianlogger/gourdianlogger.go:847.2,850.19 3 1
github.com/gourdian25/gourdianlogger/gourdianlogger.go:850.19,852.3 1 1
github.com/gourdian25/gourdianlogger/gourdianlogger.go:853.2,853.12 1 1
github.com/gourdian25/gourdianlogger/gourdianlogger.go:863.34,865.2 1 1
github.com/gourdian25/gourdianlogger/gourdianlogger.go:875.26,877.2 1 1
github.com/gourdian25/gourdianlogger/gourdianlogger.go:880.27,882.2 1 1
github.com/gourdian25/gourdianlogger/gourdianlogger.go:885.34,887.2 1 1
github.com/gourdian25/gourdianlogger/gourdianlogger.go:895.42,897.2 1 1
github.com/gourdian25/gourdianlogger/gourdianlogger.go:901.41,903.2 1 1
github.com/gourdian25/gourdianlogger/gourdianlogger.go:907.41,909.2 1 1
github.com/gourdian25/gourdianlogger/gourdianlogger.go:913.42,915.2 1 1
github.com/gourdian25/gourdianlogger/gourdianlogger.go:919.42,923.2 1 1
github.com/gourdian25/gourdianlogger/gourdianlogger.go:931.58,933.2 1 1
github.com/gourdian25/gourdianlogger/gourdianlogger.go:937.57,939.2 1 1
github.com/gourdian25/gourdianlogger/gourdianlogger.go:943.57,945.2 1 1
github.com/gourdian25/gourdianlogger/gourdianlogger.go:949.58,951.2 1 1
github.com/gourdian25/gourdianlogger/gourdianlogger.go:955.58,959.2 1 1
github.com/gourdian25/gourdianlogger/gourdianlogger.go:970.83,972.2 1 1
github.com/gourdian25/gourdianlogger/gourdianlogger.go:975.82,977.2 1 1
github.com/gourdian25/gourdianlogger/gourdianlogger.go:980.82,982.2 1 1
github.com/gourdian25/gourdianlogger/gourdianlogger.go:985.83,987.2 1 1
github.com/gourdian25/gourdianlogger/gourdianlogger.go:991.83,995.2 3 0
github.com/gourdian25/gourdianlogger/gourdianlogger.go:1004.99,1006.2 1 1
github.com/gourdian25/gourdianlogger/gourdianlogger.go:1009.98,1011.2 1 1
github.com/gourdian25/gourdianlogger/gourdianlogger.go:1014.98,1016.2 1 1
github.com/gourdian25/gourdianlogger/gourdianlogger.go:1019.99,1021.2 1 1
github.com/gourdian25/gourdianlogger/gourdianlogger.go:1025.99,1029.2 3 0
