mode: set
github.com/gourdian25/gourdianlogger/gourdianlogger.go:104.35,105.11 1 1
github.com/gourdian25/gourdianlogger/gourdianlogger.go:106.13,107.17 1 1
github.com/gourdian25/gourdianlogger/gourdianlogger.go:108.12,109.16 1 1
github.com/gourdian25/gourdianlogger/gourdianlogger.go:110.12,111.16 1 1
github.com/gourdian25/gourdianlogger/gourdianlogger.go:112.13,113.17 1 1
github.com/gourdian25/gourdianlogger/gourdianlogger.go:114.13,115.17 1 0
github.com/gourdian25/gourdianlogger/gourdianlogger.go:116.10,117.19 1 0
github.com/gourdian25/gourdianlogger/gourdianlogger.go:121.52,122.32 1 0
github.com/gourdian25/gourdianlogger/gourdianlogger.go:123.15,124.20 1 0
github.com/gourdian25/gourdianlogger/gourdianlogger.go:125.14,126.19 1 0
github.com/gourdian25/gourdianlogger/gourdianlogger.go:127.25,128.19 1 0
github.com/gourdian25/gourdianlogger/gourdianlogger.go:129.15,130.20 1 0
github.com/gourdian25/gourdianlogger/gourdianlogger.go:131.15,132.20 1 0
github.com/gourdian25/gourdianlogger/gourdianlogger.go:133.10,134.59 1 0
github.com/gourdian25/gourdianlogger/gourdianlogger.go:138.62,139.42 1 1
github.com/gourdian25/gourdianlogger/gourdianlogger.go:139.42,141.3 1 0
github.com/gourdian25/gourdianlogger/gourdianlogger.go:144.2,144.26 1 1
github.com/gourdian25/gourdianlogger/gourdianlogger.go:144.26,146.3 1 1
github.com/gourdian25/gourdianlogger/gourdianlogger.go:147.2,147.29 1 1
github.com/gourdian25/gourdianlogger/gourdianlogger.go:147.29,149.3 1 1
github.com/gourdian25/gourdianlogger/gourdianlogger.go:150.2,150.34 1 1
github.com/gourdian25/gourdianlogger/gourdianlogger.go:150.34,152.3 1 1
github.com/gourdian25/gourdianlogger/gourdianlogger.go:153.2,153.26 1 1
github.com/gourdian25/gourdianlogger/gourdianlogger.go:153.26,155.3 1 0
github.com/gourdian25/gourdianlogger/gourdianlogger.go:156.2,156.27 1 1
github.com/gourdian25/gourdianlogger/gourdianlogger.go:156.27,158.3 1 1
github.com/gourdian25/gourdianlogger/gourdianlogger.go:159.2,159.55 1 1
github.com/gourdian25/gourdianlogger/gourdianlogger.go:159.55,161.3 1 1
github.com/gourdian25/gourdianlogger/gourdianlogger.go:163.2,164.58 2 1
github.com/gourdian25/gourdianlogger/gourdianlogger.go:164.58,166.3 1 0
github.com/gourdian25/gourdianlogger/gourdianlogger.go:168.2,170.16 3 1
github.com/gourdian25/gourdianlogger/gourdianlogger.go:170.16,172.3 1 0
github.com/gourdian25/gourdianlogger/gourdianlogger.go:174.2,175.27 2 1
github.com/gourdian25/gourdianlogger/gourdianlogger.go:175.27,177.3 1 1
github.com/gourdian25/gourdianlogger/gourdianlogger.go:178.2,179.28 2 1
github.com/gourdian25/gourdianlogger/gourdianlogger.go:179.28,180.15 1 1
github.com/gourdian25/gourdianlogger/gourdianlogger.go:180.15,182.4 1 1
github.com/gourdian25/gourdianlogger/gourdianlogger.go:185.2,201.28 1 1
github.com/gourdian25/gourdianlogger/gourdianlogger.go:201.28,203.5 1 1
github.com/gourdian25/gourdianlogger/gourdianlogger.go:207.2,207.27 1 1
github.com/gourdian25/gourdianlogger/gourdianlogger.go:207.27,209.3 1 1
github.com/gourdian25/gourdianlogger/gourdianlogger.go:212.2,212.27 1 1
github.com/gourdian25/gourdianlogger/gourdianlogger.go:212.27,215.3 1 1
github.com/gourdian25/gourdianlogger/gourdianlogger.go:217.2,223.27 5 1
github.com/gourdian25/gourdianlogger/gourdianlogger.go:223.27,226.44 3 1
github.com/gourdian25/gourdianlogger/gourdianlogger.go:226.44,229.4 2 1
github.com/gourdian25/gourdianlogger/gourdianlogger.go:232.2,232.20 1 1
github.com/gourdian25/gourdianlogger/gourdianlogger.go:235.50,251.2 2 0
github.com/gourdian25/gourdianlogger/gourdianlogger.go:253.42,254.21 1 1
github.com/gourdian25/gourdianlogger/gourdianlogger.go:254.21,256.3 1 0
github.com/gourdian25/gourdianlogger/gourdianlogger.go:257.2,257.24 1 1
github.com/gourdian25/gourdianlogger/gourdianlogger.go:257.24,259.3 1 0
github.com/gourdian25/gourdianlogger/gourdianlogger.go:260.2,260.23 1 1
github.com/gourdian25/gourdianlogger/gourdianlogger.go:260.23,262.3 1 0
github.com/gourdian25/gourdianlogger/gourdianlogger.go:263.2,263.25 1 1
github.com/gourdian25/gourdianlogger/gourdianlogger.go:263.25,265.3 1 0
github.com/gourdian25/gourdianlogger/gourdianlogger.go:266.2,266.23 1 1
github.com/gourdian25/gourdianlogger/gourdianlogger.go:266.23,268.3 1 0
github.com/gourdian25/gourdianlogger/gourdianlogger.go:270.2,270.24 1 1
github.com/gourdian25/gourdianlogger/gourdianlogger.go:270.24,271.40 1 0
github.com/gourdian25/gourdianlogger/gourdianlogger.go:272.24,272.24 0 0
github.com/gourdian25/gourdianlogger/gourdianlogger.go:273.11,274.61 1 0
github.com/gourdian25/gourdianlogger/gourdianlogger.go:277.2,277.12 1 1
github.com/gourdian25/gourdianlogger/gourdianlogger.go:280.43,282.6 2 1
github.com/gourdian25/gourdianlogger/gourdianlogger.go:282.6,283.10 1 1
github.com/gourdian25/gourdianlogger/gourdianlogger.go:284.23,286.21 2 0
github.com/gourdian25/gourdianlogger/gourdianlogger.go:286.21,287.46 1 0
github.com/gourdian25/gourdianlogger/gourdianlogger.go:287.46,289.6 1 0
github.com/gourdian25/gourdianlogger/gourdianlogger.go:291.4,291.21 1 0
github.com/gourdian25/gourdianlogger/gourdianlogger.go:292.28,293.10 1 1
github.com/gourdian25/gourdianlogger/gourdianlogger.go:298.32,304.6 5 1
github.com/gourdian25/gourdianlogger/gourdianlogger.go:304.6,305.10 1 1
github.com/gourdian25/gourdianlogger/gourdianlogger.go:306.30,308.25 2 1
github.com/gourdian25/gourdianlogger/gourdianlogger.go:308.25,311.5 2 1
github.com/gourdian25/gourdianlogger/gourdianlogger.go:312.19,313.22 1 1
github.com/gourdian25/gourdianlogger/gourdianlogger.go:313.22,316.5 2 1
github.com/gourdian25/gourdianlogger/gourdianlogger.go:317.27,319.22 1 1
github.com/gourdian25/gourdianlogger/gourdianlogger.go:319.22,321.5 1 1
github.com/gourdian25/gourdianlogger/gourdianlogger.go:323.4,323.8 1 1
github.com/gourdian25/gourdianlogger/gourdianlogger.go:323.8,324.12 1 1
github.com/gourdian25/gourdianlogger/gourdianlogger.go:325.32,326.24 1 1
github.com/gourdian25/gourdianlogger/gourdianlogger.go:327.13,328.12 1 1
github.com/gourdian25/gourdianlogger/gourdianlogger.go:335.54,339.30 3 1
github.com/gourdian25/gourdianlogger/gourdianlogger.go:339.30,340.61 1 1
github.com/gourdian25/gourdianlogger/gourdianlogger.go:340.61,342.31 2 0
github.com/gourdian25/gourdianlogger/gourdianlogger.go:342.31,344.5 1 0
github.com/gourdian25/gourdianlogger/gourdianlogger.go:346.3,346.24 1 1
github.com/gourdian25/gourdianlogger/gourdianlogger.go:350.49,354.60 3 1
github.com/gourdian25/gourdianlogger/gourdianlogger.go:354.60,356.30 2 0
github.com/gourdian25/gourdianlogger/gourdianlogger.go:356.30,358.4 1 0
github.com/gourdian25/gourdianlogger/gourdianlogger.go:360.2,360.23 1 1
github.com/gourdian25/gourdianlogger/gourdianlogger.go:363.41,364.27 1 1
github.com/gourdian25/gourdianlogger/gourdianlogger.go:364.27,366.3 1 1
github.com/gourdian25/gourdianlogger/gourdianlogger.go:366.8,366.36 1 0
github.com/gourdian25/gourdianlogger/gourdianlogger.go:366.36,368.3 1 0
github.com/gourdian25/gourdianlogger/gourdianlogger.go:371.112,384.22 7 1
github.com/gourdian25/gourdianlogger/gourdianlogger.go:384.22,387.3 2 1
github.com/gourdian25/gourdianlogger/gourdianlogger.go:390.2,393.21 2 1
github.com/gourdian25/gourdianlogger/gourdianlogger.go:393.21,397.25 4 1
github.com/gourdian25/gourdianlogger/gourdianlogger.go:397.25,399.4 1 1
github.com/gourdian25/gourdianlogger/gourdianlogger.go:400.3,402.26 2 1
github.com/gourdian25/gourdianlogger/gourdianlogger.go:402.26,403.14 1 1
github.com/gourdian25/gourdianlogger/gourdianlogger.go:403.14,405.5 1 1
github.com/gourdian25/gourdianlogger/gourdianlogger.go:406.4,409.42 4 1
github.com/gourdian25/gourdianlogger/gourdianlogger.go:411.3,411.27 1 1
github.com/gourdian25/gourdianlogger/gourdianlogger.go:414.2,415.25 2 1
github.com/gourdian25/gourdianlogger/gourdianlogger.go:418.111,424.40 5 1
github.com/gourdian25/gourdianlogger/gourdianlogger.go:424.40,426.3 1 0
github.com/gourdian25/gourdianlogger/gourdianlogger.go:428.2,428.42 1 1
github.com/gourdian25/gourdianlogger/gourdianlogger.go:428.42,430.3 1 1
github.com/gourdian25/gourdianlogger/gourdianlogger.go:432.2,432.27 1 1
github.com/gourdian25/gourdianlogger/gourdianlogger.go:432.27,434.3 1 1
github.com/gourdian25/gourdianlogger/gourdianlogger.go:436.2,439.26 3 1
github.com/gourdian25/gourdianlogger/gourdianlogger.go:439.26,441.3 1 1
github.com/gourdian25/gourdianlogger/gourdianlogger.go:441.8,443.3 1 1
github.com/gourdian25/gourdianlogger/gourdianlogger.go:445.2,445.16 1 1
github.com/gourdian25/gourdianlogger/gourdianlogger.go:445.16,447.3 1 0
github.com/gourdian25/gourdianlogger/gourdianlogger.go:448.2,448.32 1 1
github.com/gourdian25/gourdianlogger/gourdianlogger.go:451.41,452.21 1 1
github.com/gourdian25/gourdianlogger/gourdianlogger.go:452.21,454.3 1 0
github.com/gourdian25/gourdianlogger/gourdianlogger.go:456.2,457.9 2 1
github.com/gourdian25/gourdianlogger/gourdianlogger.go:457.9,459.3 1 0
github.com/gourdian25/gourdianlogger/gourdianlogger.go:462.2,463.15 2 1
github.com/gourdian25/gourdianlogger/gourdianlogger.go:463.15,465.3 1 0
github.com/gourdian25/gourdianlogger/gourdianlogger.go:468.2,469.65 2 1
github.com/gourdian25/gourdianlogger/gourdianlogger.go:469.65,471.3 1 1
github.com/gourdian25/gourdianlogger/gourdianlogger.go:472.2,472.61 1 1
github.com/gourdian25/gourdianlogger/gourdianlogger.go:472.61,474.3 1 1
github.com/gourdian25/gourdianlogger/gourdianlogger.go:476.2,476.67 1 1
github.com/gourdian25/gourdianlogger/gourdianlogger.go:479.85,480.21 1 1
github.com/gourdian25/gourdianlogger/gourdianlogger.go:480.21,482.3 1 1
github.com/gourdian25/gourdianlogger/gourdianlogger.go:484.2,484.21 1 1
github.com/gourdian25/gourdianlogger/gourdianlogger.go:484.21,486.3 1 0
github.com/gourdian25/gourdianlogger/gourdianlogger.go:489.2,489.26 1 1
github.com/gourdian25/gourdianlogger/gourdianlogger.go:489.26,490.29 1 1
github.com/gourdian25/gourdianlogger/gourdianlogger.go:490.29,492.4 1 1
github.com/gourdian25/gourdianlogger/gourdianlogger.go:496.2,497.29 2 1
github.com/gourdian25/gourdianlogger/gourdianlogger.go:497.29,499.3 1 0
github.com/gourdian25/gourdianlogger/gourdianlogger.go:499.8,501.3 1 1
github.com/gourdian25/gourdianlogger/gourdianlogger.go:503.2,503.26 1 1
github.com/gourdian25/gourdianlogger/gourdianlogger.go:503.26,505.3 1 1
github.com/gourdian25/gourdianlogger/gourdianlogger.go:507.2,508.20 2 1
github.com/gourdian25/gourdianlogger/gourdianlogger.go:508.20,510.3 1 1
github.com/gourdian25/gourdianlogger/gourdianlogger.go:512.2,513.18 2 1
github.com/gourdian25/gourdianlogger/gourdianlogger.go:514.18,515.63 1 1
github.com/gourdian25/gourdianlogger/gourdianlogger.go:516.10,517.64 1 1
github.com/gourdian25/gourdianlogger/gourdianlogger.go:520.2,520.25 1 1
github.com/gourdian25/gourdianlogger/gourdianlogger.go:520.25,525.10 4 1
github.com/gourdian25/gourdianlogger/gourdianlogger.go:526.28,526.28 0 1
github.com/gourdian25/gourdianlogger/gourdianlogger.go:527.11,528.22 1 1
github.com/gourdian25/gourdianlogger/gourdianlogger.go:530.8,533.22 3 1
github.com/gourdian25/gourdianlogger/gourdianlogger.go:533.22,536.4 2 0
github.com/gourdian25/gourdianlogger/gourdianlogger.go:537.3,537.67 1 1
github.com/gourdian25/gourdianlogger/gourdianlogger.go:537.67,539.31 2 1
github.com/gourdian25/gourdianlogger/gourdianlogger.go:539.31,541.5 1 1
github.com/gourdian25/gourdianlogger/gourdianlogger.go:545.2,545.20 1 1
github.com/gourdian25/gourdianlogger/gourdianlogger.go:545.20,548.3 2 0
github.com/gourdian25/gourdianlogger/gourdianlogger.go:551.41,552.19 1 0
github.com/gourdian25/gourdianlogger/gourdianlogger.go:552.19,554.3 1 0
github.com/gourdian25/gourdianlogger/gourdianlogger.go:556.2,557.16 2 0
github.com/gourdian25/gourdianlogger/gourdianlogger.go:557.16,559.3 1 0
github.com/gourdian25/gourdianlogger/gourdianlogger.go:561.2,561.34 1 0
github.com/gourdian25/gourdianlogger/gourdianlogger.go:561.34,563.3 1 0
github.com/gourdian25/gourdianlogger/gourdianlogger.go:566.2,567.40 2 0
github.com/gourdian25/gourdianlogger/gourdianlogger.go:567.40,569.3 1 0
github.com/gourdian25/gourdianlogger/gourdianlogger.go:572.2,577.62 4 0
github.com/gourdian25/gourdianlogger/gourdianlogger.go:577.62,580.21 2 0
github.com/gourdian25/gourdianlogger/gourdianlogger.go:580.21,582.4 1 0
github.com/gourdian25/gourdianlogger/gourdianlogger.go:583.3,584.58 2 0
github.com/gourdian25/gourdianlogger/gourdianlogger.go:588.2,589.16 2 0
github.com/gourdian25/gourdianlogger/gourdianlogger.go:589.16,591.3 1 0
github.com/gourdian25/gourdianlogger/gourdianlogger.go:594.2,599.24 4 0
github.com/gourdian25/gourdianlogger/gourdianlogger.go:599.24,601.3 1 0
github.com/gourdian25/gourdianlogger/gourdianlogger.go:602.2,608.12 5 0
github.com/gourdian25/gourdianlogger/gourdianlogger.go:611.38,614.47 3 0
github.com/gourdian25/gourdianlogger/gourdianlogger.go:614.47,616.3 1 0
github.com/gourdian25/gourdianlogger/gourdianlogger.go:618.2,618.40 1 0
github.com/gourdian25/gourdianlogger/gourdianlogger.go:618.40,622.3 3 0
github.com/gourdian25/gourdianlogger/gourdianlogger.go:624.2,624.53 1 0
github.com/gourdian25/gourdianlogger/gourdianlogger.go:624.53,626.3 1 0
github.com/gourdian25/gourdianlogger/gourdianlogger.go:629.26,630.25 1 1
github.com/gourdian25/gourdianlogger/gourdianlogger.go:630.25,632.29 1 1
github.com/gourdian25/gourdianlogger/gourdianlogger.go:632.29,634.4 1 1
github.com/gourdian25/gourdianlogger/gourdianlogger.go:637.3,637.37 1 1
github.com/gourdian25/gourdianlogger/gourdianlogger.go:641.2,641.24 1 1
github.com/gourdian25/gourdianlogger/gourdianlogger.go:641.24,644.3 1 1
github.com/gourdian25/gourdianlogger/gourdianlogger.go:647.46,649.2 1 1
github.com/gourdian25/gourdianlogger/gourdianlogger.go:651.41,653.2 1 0
github.com/gourdian25/gourdianlogger/gourdianlogger.go:655.58,657.2 1 0
github.com/gourdian25/gourdianlogger/gourdianlogger.go:659.46,660.19 1 0
github.com/gourdian25/gourdianlogger/gourdianlogger.go:660.19,662.3 1 0
github.com/gourdian25/gourdianlogger/gourdianlogger.go:664.2,667.21 3 0
github.com/gourdian25/gourdianlogger/gourdianlogger.go:667.21,669.3 1 0
github.com/gourdian25/gourdianlogger/gourdianlogger.go:671.2,672.46 2 0
github.com/gourdian25/gourdianlogger/gourdianlogger.go:675.49,679.21 3 1
github.com/gourdian25/gourdianlogger/gourdianlogger.go:679.21,681.3 1 0
github.com/gourdian25/gourdianlogger/gourdianlogger.go:683.2,683.30 1 1
github.com/gourdian25/gourdianlogger/gourdianlogger.go:683.30,684.18 1 1
github.com/gourdian25/gourdianlogger/gourdianlogger.go:684.18,688.4 3 1
github.com/gourdian25/gourdianlogger/gourdianlogger.go:691.32,692.43 1 1
github.com/gourdian25/gourdianlogger/gourdianlogger.go:692.43,694.3 1 0
github.com/gourdian25/gourdianlogger/gourdianlogger.go:697.2,697.29 1 1
github.com/gourdian25/gourdianlogger/gourdianlogger.go:697.29,699.3 1 1
github.com/gourdian25/gourdianlogger/gourdianlogger.go:700.2,704.12 3 1
github.com/gourdian25/gourdianlogger/gourdianlogger.go:704.12,707.3 2 1
github.com/gourdian25/gourdianlogger/gourdianlogger.go:710.2,710.9 1 1
github.com/gourdian25/gourdianlogger/gourdianlogger.go:711.14,711.14 0 1
github.com/gourdian25/gourdianlogger/gourdianlogger.go:712.37,712.37 0 0
github.com/gourdian25/gourdianlogger/gourdianlogger.go:717.2,720.19 3 1
github.com/gourdian25/gourdianlogger/gourdianlogger.go:720.19,722.3 1 1
github.com/gourdian25/gourdianlogger/gourdianlogger.go:723.2,723.12 1 0
github.com/gourdian25/gourdianlogger/gourdianlogger.go:726.34,728.2 1 0
github.com/gourdian25/gourdianlogger/gourdianlogger.go:730.26,732.2 1 1
github.com/gourdian25/gourdianlogger/gourdianlogger.go:734.27,736.2 1 1
github.com/gourdian25/gourdianlogger/gourdianlogger.go:738.34,740.2 1 1
github.com/gourdian25/gourdianlogger/gourdianlogger.go:742.42,744.2 1 1
github.com/gourdian25/gourdianlogger/gourdianlogger.go:746.41,748.2 1 1
github.com/gourdian25/gourdianlogger/gourdianlogger.go:750.41,752.2 1 1
github.com/gourdian25/gourdianlogger/gourdianlogger.go:754.42,756.2 1 1
github.com/gourdian25/gourdianlogger/gourdianlogger.go:758.42,762.2 1 0
github.com/gourdian25/gourdianlogger/gourdianlogger.go:764.58,766.2 1 0
github.com/gourdian25/gourdianlogger/gourdianlogger.go:768.57,770.2 1 0
github.com/gourdian25/gourdianlogger/gourdianlogger.go:772.57,774.2 1 0
github.com/gourdian25/gourdianlogger/gourdianlogger.go:776.58,778.2 1 0
github.com/gourdian25/gourdianlogger/gourdianlogger.go:780.58,784.2 1 0
github.com/gourdian25/gourdianlogger/gourdianlogger.go:786.83,788.2 1 0
github.com/gourdian25/gourdianlogger/gourdianlogger.go:790.82,792.2 1 1
github.com/gourdian25/gourdianlogger/gourdianlogger.go:794.82,796.2 1 0
github.com/gourdian25/gourdianlogger/gourdianlogger.go:798.83,800.2 1 0
github.com/gourdian25/gourdianlogger/gourdianlogger.go:802.83,806.2 3 0
github.com/gourdian25/gourdianlogger/gourdianlogger.go:808.99,810.2 1 0
github.com/gourdian25/gourdianlogger/gourdianlogger.go:812.98,814.2 1 0
github.com/gourdian25/gourdianlogger/gourdianlogger.go:816.98,818.2 1 0
github.com/gourdian25/gourdianlogger/gourdianlogger.go:820.99,822.2 1 0
github.com/gourdian25/gourdianlogger/gourdianlogger.go:824.99,828.2 3 0
