mode: set
github.com/gourdian25/gourdianlogger/gourdianlogger.go:104.35,105.11 1 1
github.com/gourdian25/gourdianlogger/gourdianlogger.go:106.13,107.17 1 1
github.com/gourdian25/gourdianlogger/gourdianlogger.go:108.12,109.16 1 1
github.com/gourdian25/gourdianlogger/gourdianlogger.go:110.12,111.16 1 1
github.com/gourdian25/gourdianlogger/gourdianlogger.go:112.13,113.17 1 1
github.com/gourdian25/gourdianlogger/gourdianlogger.go:114.13,115.17 1 0
github.com/gourdian25/gourdianlogger/gourdianlogger.go:116.10,117.19 1 0
github.com/gourdian25/gourdianlogger/gourdianlogger.go:121.52,122.32 1 0
github.com/gourdian25/gourdianlogger/gourdianlogger.go:123.15,124.20 1 0
github.com/gourdian25/gourdianlogger/gourdianlogger.go:125.14,126.19 1 0
github.com/gourdian25/gourdianlogger/gourdianlogger.go:127.25,128.19 1 0
github.com/gourdian25/gourdianlogger/gourdianlogger.go:129.15,130.20 1 0
github.com/gourdian25/gourdianlogger/gourdianlogger.go:131.15,132.20 1 0
github.com/gourdian25/gourdianlogger/gourdianlogger.go:133.10,134.59 1 0
github.com/gourdian25/gourdianlogger/gourdianlogger.go:138.62,139.42 1 1
github.com/gourdian25/gourdianlogger/gourdianlogger.go:139.42,141.3 1 0
github.com/gourdian25/gourdianlogger/gourdianlogger.go:144.2,144.26 1 1
github.com/gourdian25/gourdianlogger/gourdianlogger.go:144.26,146.3 1 1
github.com/gourdian25/gourdianlogger/gourdianlogger.go:147.2,147.29 1 1
github.com/gourdian25/gourdianlogger/gourdianlogger.go:147.29,149.3 1 1
github.com/gourdian25/gourdianlogger/gourdianlogger.go:150.2,150.34 1 1
github.com/gourdian25/gourdianlogger/gourdianlogger.go:150.34,152.3 1 1
github.com/gourdian25/gourdianlogger/gourdianlogger.go:153.2,153.26 1 1
github.com/gourdian25/gourdianlogger/gourdianlogger.go:153.26,155.3 1 0
github.com/gourdian25/gourdianlogger/gourdianlogger.go:156.2,156.27 1 1
github.com/gourdian25/gourdianlogger/gourdianlogger.go:156.27,158.3 1 1
github.com/gourdian25/gourdianlogger/gourdianlogger.go:159.2,159.55 1 1
github.com/gourdian25/gourdianlogger/gourdianlogger.go:159.55,161.3 1 1
github.com/gourdian25/gourdianlogger/gourdianlogger.go:163.2,164.58 2 1
github.com/gourdian25/gourdianlogger/gourdianlogger.go:164.58,166.3 1 0
github.com/gourdian25/gourdianlogger/gourdianlogger.go:168.2,170.16 3 1
github.com/gourdian25/gourdianlogger/gourdianlogger.go:170.16,172.3 1 0
github.com/gourdian25/gourdianlogger/gourdianlogger.go:174.2,175.27 2 1
github.com/gourdian25/gourdianlogger/gourdianlogger.go:175.27,177.3 1 1
github.com/gourdian25/gourdianlogger/gourdianlogger.go:178.2,179.28 2 1
github.com/gourdian25/gourdianlogger/gourdianlogger.go:179.28,180.15 1 1
github.com/gourdian25/gourdianlogger/gourdianlogger.go:180.15,182.4 1 1
github.com/gourdian25/gourdianlogger/gourdianlogger.go:185.2,201.28 1 1
github.com/gourdian25/gourdianlogger/gourdianlogger.go:201.28,203.5 1 1
github.com/gourdian25/gourdianlogger/gourdianlogger.go:207.2,207.27 1 1
github.com/gourdian25/gourdianlogger/gourdianlogger.go:207.27,209.3 1 1
github.com/gourdian25/gourdianlogger/gourdianlogger.go:212.2,212.27 1 1
github.com/gourdian25/gourdianlogger/gourdianlogger.go:212.27,215.3 1 1
github.com/gourdian25/gourdianlogger/gourdianlogger.go:217.2,223.27 5 1
github.com/gourdian25/gourdianlogger/gourdianlogger.go:223.27,226.44 3 1
github.com/gourdian25/gourdianlogger/gourdianlogger.go:226.44,229.4 2 1
github.com/gourdian25/gourdianlogger/gourdianlogger.go:232.2,232.20 1 1
github.com/gourdian25/gourdianlogger/gourdianlogger.go:235.50,251.2 2 0
github.com/gourdian25/gourdianlogger/gourdianlogger.go:253.42,254.21 1 1
github.com/gourdian25/gourdianlogger/gourdianlogger.go:254.21,256.3 1 0
github.com/gourdian25/gourdianlogger/gourdianlogger.go:257.2,257.24 1 1
github.com/gourdian25/gourdianlogger/gourdianlogger.go:257.24,259.3 1 0
github.com/gourdian25/gourdianlogger/gourdianlogger.go:260.2,260.23 1 1
github.com/gourdian25/gourdianlogger/gourdianlogger.go:260.23,262.3 1 0
github.com/gourdian25/gourdianlogger/gourdianlogger.go:263.2,263.25 1 1
github.com/gourdian25/gourdianlogger/gourdianlogger.go:263.25,265.3 1 0
github.com/gourdian25/gourdianlogger/gourdianlogger.go:266.2,266.23 1 1
github.com/gourdian25/gourdianlogger/gourdianlogger.go:266.23,268.3 1 0
github.com/gourdian25/gourdianlogger/gourdianlogger.go:270.2,270.24 1 1
github.com/gourdian25/gourdianlogger/gourdianlogger.go:270.24,271.40 1 0
github.com/gourdian25/gourdianlogger/gourdianlogger.go:272.24,272.24 0 0
github.com/gourdian25/gourdianlogger/gourdianlogger.go:273.11,274.61 1 0
github.com/gourdian25/gourdianlogger/gourdianlogger.go:277.2,277.12 1 1
github.com/gourdian25/gourdianlogger/gourdianlogger.go:280.43,282.6 2 1
github.com/gourdian25/gourdianlogger/gourdianlogger.go:282.6,283.10 1 1
github.com/gourdian25/gourdianlogger/gourdianlogger.go:284.23,286.21 2 0
github.com/gourdian25/gourdianlogger/gourdianlogger.go:286.21,287.46 1 0
github.com/gourdian25/gourdianlogger/gourdianlogger.go:287.46,289.6 1 0
github.com/gourdian25/gourdianlogger/gourdianlogger.go:291.4,291.21 1 0
github.com/gourdian25/gourdianlogger/gourdianlogger.go:292.28,293.10 1 1
github.com/gourdian25/gourdianlogger/gourdianlogger.go:298.32,304.6 5 1
github.com/gourdian25/gourdianlogger/gourdianlogger.go:304.6,305.10 1 1
github.com/gourdian25/gourdianlogger/gourdianlogger.go:306.30,308.25 2 1
github.com/gourdian25/gourdianlogger/gourdianlogger.go:308.25,311.5 2 1
github.com/gourdian25/gourdianlogger/gourdianlogger.go:312.19,313.22 1 1
github.com/gourdian25/gourdianlogger/gourdianlogger.go:313.22,316.5 2 1
github.com/gourdian25/gourdianlogger/gourdianlogger.go:317.27,319.22 1 1
github.com/gourdian25/gourdianlogger/gourdianlogger.go:319.22,321.5 1 0
github.com/gourdian25/gourdianlogger/gourdianlogger.go:323.4,323.8 1 1
github.com/gourdian25/gourdianlogger/gourdianlogger.go:323.8,324.12 1 1
github.com/gourdian25/gourdianlogger/gourdianlogger.go:325.32,326.24 1 1
github.com/gourdian25/gourdianlogger/gourdianlogger.go:327.13,328.12 1 1
github.com/gourdian25/gourdianlogger/gourdianlogger.go:335.69,336.29 1 1
github.com/gourdian25/gourdianlogger/gourdianlogger.go:336.29,338.3 1 0
github.com/gourdian25/gourdianlogger/gourdianlogger.go:340.2,341.19 2 1
github.com/gourdian25/gourdianlogger/gourdianlogger.go:341.19,343.3 1 1
github.com/gourdian25/gourdianlogger/gourdianlogger.go:343.8,345.3 1 0
github.com/gourdian25/gourdianlogger/gourdianlogger.go:347.2,347.41 1 1
github.com/gourdian25/gourdianlogger/gourdianlogger.go:347.41,349.3 1 0
github.com/gourdian25/gourdianlogger/gourdianlogger.go:352.54,354.21 1 1
github.com/gourdian25/gourdianlogger/gourdianlogger.go:354.21,355.31 1 0
github.com/gourdian25/gourdianlogger/gourdianlogger.go:355.31,357.4 1 0
github.com/gourdian25/gourdianlogger/gourdianlogger.go:358.3,358.9 1 0
github.com/gourdian25/gourdianlogger/gourdianlogger.go:361.2,364.30 3 1
github.com/gourdian25/gourdianlogger/gourdianlogger.go:364.30,365.61 1 1
github.com/gourdian25/gourdianlogger/gourdianlogger.go:365.61,367.31 2 0
github.com/gourdian25/gourdianlogger/gourdianlogger.go:367.31,369.5 1 0
github.com/gourdian25/gourdianlogger/gourdianlogger.go:371.3,371.24 1 1
github.com/gourdian25/gourdianlogger/gourdianlogger.go:375.49,377.21 1 1
github.com/gourdian25/gourdianlogger/gourdianlogger.go:377.21,380.3 2 0
github.com/gourdian25/gourdianlogger/gourdianlogger.go:382.2,385.60 3 1
github.com/gourdian25/gourdianlogger/gourdianlogger.go:385.60,387.30 2 0
github.com/gourdian25/gourdianlogger/gourdianlogger.go:387.30,389.4 1 0
github.com/gourdian25/gourdianlogger/gourdianlogger.go:391.2,391.23 1 1
github.com/gourdian25/gourdianlogger/gourdianlogger.go:394.41,395.27 1 1
github.com/gourdian25/gourdianlogger/gourdianlogger.go:395.27,397.3 1 1
github.com/gourdian25/gourdianlogger/gourdianlogger.go:397.8,397.36 1 0
github.com/gourdian25/gourdianlogger/gourdianlogger.go:397.36,399.3 1 0
github.com/gourdian25/gourdianlogger/gourdianlogger.go:402.112,415.22 7 1
github.com/gourdian25/gourdianlogger/gourdianlogger.go:415.22,418.3 2 1
github.com/gourdian25/gourdianlogger/gourdianlogger.go:421.2,424.21 2 1
github.com/gourdian25/gourdianlogger/gourdianlogger.go:424.21,428.25 4 1
github.com/gourdian25/gourdianlogger/gourdianlogger.go:428.25,430.4 1 1
github.com/gourdian25/gourdianlogger/gourdianlogger.go:431.3,433.26 2 1
github.com/gourdian25/gourdianlogger/gourdianlogger.go:433.26,434.14 1 1
github.com/gourdian25/gourdianlogger/gourdianlogger.go:434.14,436.5 1 1
github.com/gourdian25/gourdianlogger/gourdianlogger.go:437.4,440.42 4 1
github.com/gourdian25/gourdianlogger/gourdianlogger.go:442.3,442.27 1 1
github.com/gourdian25/gourdianlogger/gourdianlogger.go:445.2,446.25 2 1
github.com/gourdian25/gourdianlogger/gourdianlogger.go:449.111,455.40 5 1
github.com/gourdian25/gourdianlogger/gourdianlogger.go:455.40,457.3 1 0
github.com/gourdian25/gourdianlogger/gourdianlogger.go:459.2,459.42 1 1
github.com/gourdian25/gourdianlogger/gourdianlogger.go:459.42,461.3 1 1
github.com/gourdian25/gourdianlogger/gourdianlogger.go:463.2,463.27 1 1
github.com/gourdian25/gourdianlogger/gourdianlogger.go:463.27,465.3 1 1
github.com/gourdian25/gourdianlogger/gourdianlogger.go:467.2,470.26 3 1
github.com/gourdian25/gourdianlogger/gourdianlogger.go:470.26,472.3 1 1
github.com/gourdian25/gourdianlogger/gourdianlogger.go:472.8,474.3 1 1
github.com/gourdian25/gourdianlogger/gourdianlogger.go:476.2,476.16 1 1
github.com/gourdian25/gourdianlogger/gourdianlogger.go:476.16,478.3 1 0
github.com/gourdian25/gourdianlogger/gourdianlogger.go:479.2,479.32 1 1
github.com/gourdian25/gourdianlogger/gourdianlogger.go:482.41,483.21 1 1
github.com/gourdian25/gourdianlogger/gourdianlogger.go:483.21,485.3 1 0
github.com/gourdian25/gourdianlogger/gourdianlogger.go:487.2,488.9 2 1
github.com/gourdian25/gourdianlogger/gourdianlogger.go:488.9,490.3 1 0
github.com/gourdian25/gourdianlogger/gourdianlogger.go:493.2,494.15 2 1
github.com/gourdian25/gourdianlogger/gourdianlogger.go:494.15,496.3 1 0
github.com/gourdian25/gourdianlogger/gourdianlogger.go:499.2,500.65 2 1
github.com/gourdian25/gourdianlogger/gourdianlogger.go:500.65,502.3 1 1
github.com/gourdian25/gourdianlogger/gourdianlogger.go:503.2,503.61 1 1
github.com/gourdian25/gourdianlogger/gourdianlogger.go:503.61,505.3 1 1
github.com/gourdian25/gourdianlogger/gourdianlogger.go:507.2,507.67 1 1
github.com/gourdian25/gourdianlogger/gourdianlogger.go:510.85,511.21 1 1
github.com/gourdian25/gourdianlogger/gourdianlogger.go:511.21,513.3 1 1
github.com/gourdian25/gourdianlogger/gourdianlogger.go:516.2,516.26 1 1
github.com/gourdian25/gourdianlogger/gourdianlogger.go:516.26,517.29 1 1
github.com/gourdian25/gourdianlogger/gourdianlogger.go:517.29,519.4 1 1
github.com/gourdian25/gourdianlogger/gourdianlogger.go:523.2,524.29 2 1
github.com/gourdian25/gourdianlogger/gourdianlogger.go:524.29,526.3 1 1
github.com/gourdian25/gourdianlogger/gourdianlogger.go:526.8,528.3 1 1
github.com/gourdian25/gourdianlogger/gourdianlogger.go:530.2,530.26 1 1
github.com/gourdian25/gourdianlogger/gourdianlogger.go:530.26,532.3 1 1
github.com/gourdian25/gourdianlogger/gourdianlogger.go:534.2,535.20 2 1
github.com/gourdian25/gourdianlogger/gourdianlogger.go:535.20,537.3 1 1
github.com/gourdian25/gourdianlogger/gourdianlogger.go:539.2,540.18 2 1
github.com/gourdian25/gourdianlogger/gourdianlogger.go:541.18,542.63 1 1
github.com/gourdian25/gourdianlogger/gourdianlogger.go:543.10,544.64 1 1
github.com/gourdian25/gourdianlogger/gourdianlogger.go:547.2,547.21 1 1
github.com/gourdian25/gourdianlogger/gourdianlogger.go:547.21,550.3 2 0
github.com/gourdian25/gourdianlogger/gourdianlogger.go:552.2,552.25 1 1
github.com/gourdian25/gourdianlogger/gourdianlogger.go:552.25,557.10 4 1
github.com/gourdian25/gourdianlogger/gourdianlogger.go:558.28,558.28 0 1
github.com/gourdian25/gourdianlogger/gourdianlogger.go:559.11,560.22 1 1
github.com/gourdian25/gourdianlogger/gourdianlogger.go:562.8,565.22 3 1
github.com/gourdian25/gourdianlogger/gourdianlogger.go:565.22,568.4 2 0
github.com/gourdian25/gourdianlogger/gourdianlogger.go:569.3,569.67 1 1
github.com/gourdian25/gourdianlogger/gourdianlogger.go:569.67,572.4 2 1
github.com/gourdian25/gourdianlogger/gourdianlogger.go:575.2,575.20 1 1
github.com/gourdian25/gourdianlogger/gourdianlogger.go:575.20,578.3 2 0
github.com/gourdian25/gourdianlogger/gourdianlogger.go:581.41,582.19 1 1
github.com/gourdian25/gourdianlogger/gourdianlogger.go:582.19,584.3 1 1
github.com/gourdian25/gourdianlogger/gourdianlogger.go:586.2,587.16 2 1
github.com/gourdian25/gourdianlogger/gourdianlogger.go:587.16,589.3 1 0
github.com/gourdian25/gourdianlogger/gourdianlogger.go:591.2,591.34 1 1
github.com/gourdian25/gourdianlogger/gourdianlogger.go:591.34,593.3 1 0
github.com/gourdian25/gourdianlogger/gourdianlogger.go:596.2,597.40 2 1
github.com/gourdian25/gourdianlogger/gourdianlogger.go:597.40,599.3 1 0
github.com/gourdian25/gourdianlogger/gourdianlogger.go:602.2,611.20 6 1
github.com/gourdian25/gourdianlogger/gourdianlogger.go:611.20,613.23 1 0
github.com/gourdian25/gourdianlogger/gourdianlogger.go:613.23,614.108 1 0
github.com/gourdian25/gourdianlogger/gourdianlogger.go:614.108,617.5 2 0
github.com/gourdian25/gourdianlogger/gourdianlogger.go:619.3,619.96 1 0
github.com/gourdian25/gourdianlogger/gourdianlogger.go:623.2,628.24 4 1
github.com/gourdian25/gourdianlogger/gourdianlogger.go:628.24,630.3 1 1
github.com/gourdian25/gourdianlogger/gourdianlogger.go:631.2,635.22 4 1
github.com/gourdian25/gourdianlogger/gourdianlogger.go:635.22,637.3 1 1
github.com/gourdian25/gourdianlogger/gourdianlogger.go:640.2,641.12 2 1
github.com/gourdian25/gourdianlogger/gourdianlogger.go:644.38,647.47 3 1
github.com/gourdian25/gourdianlogger/gourdianlogger.go:647.47,649.3 1 1
github.com/gourdian25/gourdianlogger/gourdianlogger.go:651.2,651.40 1 0
github.com/gourdian25/gourdianlogger/gourdianlogger.go:651.40,655.3 3 0
github.com/gourdian25/gourdianlogger/gourdianlogger.go:657.2,657.53 1 0
github.com/gourdian25/gourdianlogger/gourdianlogger.go:657.53,659.3 1 0
github.com/gourdian25/gourdianlogger/gourdianlogger.go:662.26,663.25 1 1
github.com/gourdian25/gourdianlogger/gourdianlogger.go:663.25,665.29 1 1
github.com/gourdian25/gourdianlogger/gourdianlogger.go:665.29,667.4 1 1
github.com/gourdian25/gourdianlogger/gourdianlogger.go:670.3,670.37 1 1
github.com/gourdian25/gourdianlogger/gourdianlogger.go:674.2,674.24 1 1
github.com/gourdian25/gourdianlogger/gourdianlogger.go:674.24,677.3 1 1
github.com/gourdian25/gourdianlogger/gourdianlogger.go:680.46,682.2 1 1
github.com/gourdian25/gourdianlogger/gourdianlogger.go:684.41,686.2 1 1
github.com/gourdian25/gourdianlogger/gourdianlogger.go:688.58,690.2 1 1
github.com/gourdian25/gourdianlogger/gourdianlogger.go:692.46,693.19 1 1
github.com/gourdian25/gourdianlogger/gourdianlogger.go:693.19,695.3 1 0
github.com/gourdian25/gourdianlogger/gourdianlogger.go:697.2,700.21 3 1
github.com/gourdian25/gourdianlogger/gourdianlogger.go:700.21,702.3 1 0
github.com/gourdian25/gourdianlogger/gourdianlogger.go:704.2,705.46 2 1
github.com/gourdian25/gourdianlogger/gourdianlogger.go:708.49,712.21 3 1
github.com/gourdian25/gourdianlogger/gourdianlogger.go:712.21,714.3 1 0
github.com/gourdian25/gourdianlogger/gourdianlogger.go:716.2,716.30 1 1
github.com/gourdian25/gourdianlogger/gourdianlogger.go:716.30,717.18 1 1
github.com/gourdian25/gourdianlogger/gourdianlogger.go:717.18,721.4 3 1
github.com/gourdian25/gourdianlogger/gourdianlogger.go:724.32,725.43 1 1
github.com/gourdian25/gourdianlogger/gourdianlogger.go:725.43,727.3 1 0
github.com/gourdian25/gourdianlogger/gourdianlogger.go:730.2,730.29 1 1
github.com/gourdian25/gourdianlogger/gourdianlogger.go:730.29,732.3 1 1
github.com/gourdian25/gourdianlogger/gourdianlogger.go:733.2,737.12 3 1
github.com/gourdian25/gourdianlogger/gourdianlogger.go:737.12,740.3 2 1
github.com/gourdian25/gourdianlogger/gourdianlogger.go:743.2,743.9 1 1
github.com/gourdian25/gourdianlogger/gourdianlogger.go:744.14,744.14 0 1
github.com/gourdian25/gourdianlogger/gourdianlogger.go:745.37,745.37 0 0
github.com/gourdian25/gourdianlogger/gourdianlogger.go:750.2,753.19 3 1
github.com/gourdian25/gourdianlogger/gourdianlogger.go:753.19,755.3 1 1
github.com/gourdian25/gourdianlogger/gourdianlogger.go:756.2,756.12 1 1
github.com/gourdian25/gourdianlogger/gourdianlogger.go:759.34,761.2 1 0
github.com/gourdian25/gourdianlogger/gourdianlogger.go:763.26,765.2 1 1
github.com/gourdian25/gourdianlogger/gourdianlogger.go:767.27,769.2 1 1
github.com/gourdian25/gourdianlogger/gourdianlogger.go:771.34,773.2 1 1
github.com/gourdian25/gourdianlogger/gourdianlogger.go:775.42,777.2 1 1
github.com/gourdian25/gourdianlogger/gourdianlogger.go:779.41,781.2 1 1
github.com/gourdian25/gourdianlogger/gourdianlogger.go:783.41,785.2 1 1
github.com/gourdian25/gourdianlogger/gourdianlogger.go:787.42,789.2 1 1
github.com/gourdian25/gourdianlogger/gourdianlogger.go:791.42,795.2 1 0
github.com/gourdian25/gourdianlogger/gourdianlogger.go:797.58,799.2 1 0
github.com/gourdian25/gourdianlogger/gourdianlogger.go:801.57,803.2 1 0
github.com/gourdian25/gourdianlogger/gourdianlogger.go:805.57,807.2 1 0
github.com/gourdian25/gourdianlogger/gourdianlogger.go:809.58,811.2 1 0
github.com/gourdian25/gourdianlogger/gourdianlogger.go:813.58,817.2 1 0
github.com/gourdian25/gourdianlogger/gourdianlogger.go:819.83,821.2 1 0
github.com/gourdian25/gourdianlogger/gourdianlogger.go:823.82,825.2 1 1
github.com/gourdian25/gourdianlogger/gourdianlogger.go:827.82,829.2 1 0
github.com/gourdian25/gourdianlogger/gourdianlogger.go:831.83,833.2 1 0
github.com/gourdian25/gourdianlogger/gourdianlogger.go:835.83,839.2 3 0
github.com/gourdian25/gourdianlogger/gourdianlogger.go:841.99,843.2 1 0
github.com/gourdian25/gourdianlogger/gourdianlogger.go:845.98,847.2 1 0
github.com/gourdian25/gourdianlogger/gourdianlogger.go:849.98,851.2 1 0
github.com/gourdian25/gourdianlogger/gourdianlogger.go:853.99,855.2 1 0
github.com/gourdian25/gourdianlogger/gourdianlogger.go:857.99,861.2 3 0
