mode: set
github.com/gourdian25/gourdianlogger/gourdianlogger.go:115.35,116.11 1 1
github.com/gourdian25/gourdianlogger/gourdianlogger.go:117.13,118.17 1 1
github.com/gourdian25/gourdianlogger/gourdianlogger.go:119.12,120.16 1 1
github.com/gourdian25/gourdianlogger/gourdianlogger.go:121.12,122.16 1 1
github.com/gourdian25/gourdianlogger/gourdianlogger.go:123.13,124.17 1 1
github.com/gourdian25/gourdianlogger/gourdianlogger.go:125.13,126.17 1 1
github.com/gourdian25/gourdianlogger/gourdianlogger.go:127.10,128.19 1 1
github.com/gourdian25/gourdianlogger/gourdianlogger.go:134.43,135.32 1 1
github.com/gourdian25/gourdianlogger/gourdianlogger.go:136.15,137.15 1 1
github.com/gourdian25/gourdianlogger/gourdianlogger.go:138.14,139.14 1 1
github.com/gourdian25/gourdianlogger/gourdianlogger.go:140.25,141.14 1 1
github.com/gourdian25/gourdianlogger/gourdianlogger.go:142.15,143.15 1 1
github.com/gourdian25/gourdianlogger/gourdianlogger.go:144.15,145.15 1 1
github.com/gourdian25/gourdianlogger/gourdianlogger.go:146.10,148.25 2 1
github.com/gourdian25/gourdianlogger/gourdianlogger.go:154.46,155.33 1 0
github.com/gourdian25/gourdianlogger/gourdianlogger.go:156.15,157.21 1 0
github.com/gourdian25/gourdianlogger/gourdianlogger.go:158.14,159.20 1 0
github.com/gourdian25/gourdianlogger/gourdianlogger.go:160.10,162.26 2 0
github.com/gourdian25/gourdianlogger/gourdianlogger.go:219.62,220.42 1 1
github.com/gourdian25/gourdianlogger/gourdianlogger.go:220.42,222.3 1 0
github.com/gourdian25/gourdianlogger/gourdianlogger.go:225.2,225.26 1 1
github.com/gourdian25/gourdianlogger/gourdianlogger.go:225.26,227.3 1 1
github.com/gourdian25/gourdianlogger/gourdianlogger.go:228.2,228.29 1 1
github.com/gourdian25/gourdianlogger/gourdianlogger.go:228.29,230.3 1 1
github.com/gourdian25/gourdianlogger/gourdianlogger.go:231.2,231.34 1 1
github.com/gourdian25/gourdianlogger/gourdianlogger.go:231.34,233.3 1 1
github.com/gourdian25/gourdianlogger/gourdianlogger.go:234.2,234.26 1 1
github.com/gourdian25/gourdianlogger/gourdianlogger.go:234.26,236.3 1 0
github.com/gourdian25/gourdianlogger/gourdianlogger.go:237.2,237.27 1 1
github.com/gourdian25/gourdianlogger/gourdianlogger.go:237.27,239.3 1 1
github.com/gourdian25/gourdianlogger/gourdianlogger.go:240.2,240.55 1 1
github.com/gourdian25/gourdianlogger/gourdianlogger.go:240.55,242.3 1 1
github.com/gourdian25/gourdianlogger/gourdianlogger.go:244.2,245.58 2 1
github.com/gourdian25/gourdianlogger/gourdianlogger.go:245.58,247.3 1 1
github.com/gourdian25/gourdianlogger/gourdianlogger.go:249.2,251.16 3 1
github.com/gourdian25/gourdianlogger/gourdianlogger.go:251.16,253.3 1 0
github.com/gourdian25/gourdianlogger/gourdianlogger.go:255.2,256.27 2 1
github.com/gourdian25/gourdianlogger/gourdianlogger.go:256.27,258.3 1 1
github.com/gourdian25/gourdianlogger/gourdianlogger.go:259.2,260.28 2 1
github.com/gourdian25/gourdianlogger/gourdianlogger.go:260.28,261.15 1 1
github.com/gourdian25/gourdianlogger/gourdianlogger.go:261.15,263.4 1 1
github.com/gourdian25/gourdianlogger/gourdianlogger.go:266.2,282.28 1 1
github.com/gourdian25/gourdianlogger/gourdianlogger.go:282.28,284.5 1 1
github.com/gourdian25/gourdianlogger/gourdianlogger.go:288.2,288.27 1 1
github.com/gourdian25/gourdianlogger/gourdianlogger.go:288.27,290.3 1 1
github.com/gourdian25/gourdianlogger/gourdianlogger.go:293.2,293.27 1 1
github.com/gourdian25/gourdianlogger/gourdianlogger.go:293.27,296.3 1 1
github.com/gourdian25/gourdianlogger/gourdianlogger.go:298.2,304.27 5 1
github.com/gourdian25/gourdianlogger/gourdianlogger.go:304.27,307.44 3 1
github.com/gourdian25/gourdianlogger/gourdianlogger.go:307.44,310.4 2 1
github.com/gourdian25/gourdianlogger/gourdianlogger.go:313.2,313.20 1 1
github.com/gourdian25/gourdianlogger/gourdianlogger.go:356.50,372.2 2 1
github.com/gourdian25/gourdianlogger/gourdianlogger.go:376.42,377.21 1 1
github.com/gourdian25/gourdianlogger/gourdianlogger.go:377.21,379.3 1 1
github.com/gourdian25/gourdianlogger/gourdianlogger.go:380.2,380.24 1 1
github.com/gourdian25/gourdianlogger/gourdianlogger.go:380.24,382.3 1 1
github.com/gourdian25/gourdianlogger/gourdianlogger.go:383.2,383.23 1 1
github.com/gourdian25/gourdianlogger/gourdianlogger.go:383.23,385.3 1 1
github.com/gourdian25/gourdianlogger/gourdianlogger.go:386.2,386.25 1 1
github.com/gourdian25/gourdianlogger/gourdianlogger.go:386.25,388.3 1 1
github.com/gourdian25/gourdianlogger/gourdianlogger.go:389.2,389.23 1 1
github.com/gourdian25/gourdianlogger/gourdianlogger.go:389.23,391.3 1 1
github.com/gourdian25/gourdianlogger/gourdianlogger.go:393.2,393.24 1 1
github.com/gourdian25/gourdianlogger/gourdianlogger.go:393.24,394.40 1 1
github.com/gourdian25/gourdianlogger/gourdianlogger.go:395.24,395.24 0 1
github.com/gourdian25/gourdianlogger/gourdianlogger.go:396.11,397.61 1 1
github.com/gourdian25/gourdianlogger/gourdianlogger.go:400.2,400.12 1 1
github.com/gourdian25/gourdianlogger/gourdianlogger.go:403.43,405.6 2 1
github.com/gourdian25/gourdianlogger/gourdianlogger.go:405.6,406.10 1 1
github.com/gourdian25/gourdianlogger/gourdianlogger.go:407.23,409.21 2 1
github.com/gourdian25/gourdianlogger/gourdianlogger.go:409.21,410.46 1 1
github.com/gourdian25/gourdianlogger/gourdianlogger.go:410.46,412.6 1 0
github.com/gourdian25/gourdianlogger/gourdianlogger.go:414.4,414.21 1 1
github.com/gourdian25/gourdianlogger/gourdianlogger.go:415.28,416.10 1 1
github.com/gourdian25/gourdianlogger/gourdianlogger.go:421.32,427.6 5 1
github.com/gourdian25/gourdianlogger/gourdianlogger.go:427.6,428.10 1 1
github.com/gourdian25/gourdianlogger/gourdianlogger.go:429.30,431.25 2 1
github.com/gourdian25/gourdianlogger/gourdianlogger.go:431.25,434.5 2 1
github.com/gourdian25/gourdianlogger/gourdianlogger.go:435.19,436.22 1 1
github.com/gourdian25/gourdianlogger/gourdianlogger.go:436.22,439.5 2 1
github.com/gourdian25/gourdianlogger/gourdianlogger.go:440.27,442.22 1 1
github.com/gourdian25/gourdianlogger/gourdianlogger.go:442.22,444.5 1 1
github.com/gourdian25/gourdianlogger/gourdianlogger.go:446.4,446.8 1 1
github.com/gourdian25/gourdianlogger/gourdianlogger.go:446.8,447.12 1 1
github.com/gourdian25/gourdianlogger/gourdianlogger.go:448.32,449.24 1 1
github.com/gourdian25/gourdianlogger/gourdianlogger.go:450.13,451.12 1 1
github.com/gourdian25/gourdianlogger/gourdianlogger.go:458.69,459.29 1 1
github.com/gourdian25/gourdianlogger/gourdianlogger.go:459.29,461.3 1 1
github.com/gourdian25/gourdianlogger/gourdianlogger.go:463.2,464.19 2 1
github.com/gourdian25/gourdianlogger/gourdianlogger.go:464.19,466.3 1 1
github.com/gourdian25/gourdianlogger/gourdianlogger.go:466.8,468.3 1 0
github.com/gourdian25/gourdianlogger/gourdianlogger.go:470.2,470.41 1 1
github.com/gourdian25/gourdianlogger/gourdianlogger.go:470.41,472.3 1 0
github.com/gourdian25/gourdianlogger/gourdianlogger.go:475.54,477.21 1 1
github.com/gourdian25/gourdianlogger/gourdianlogger.go:477.21,478.31 1 0
github.com/gourdian25/gourdianlogger/gourdianlogger.go:478.31,480.4 1 0
github.com/gourdian25/gourdianlogger/gourdianlogger.go:481.3,481.9 1 0
github.com/gourdian25/gourdianlogger/gourdianlogger.go:484.2,487.30 3 1
github.com/gourdian25/gourdianlogger/gourdianlogger.go:487.30,488.61 1 1
github.com/gourdian25/gourdianlogger/gourdianlogger.go:488.61,490.31 2 1
github.com/gourdian25/gourdianlogger/gourdianlogger.go:490.31,492.5 1 1
github.com/gourdian25/gourdianlogger/gourdianlogger.go:494.3,494.24 1 1
github.com/gourdian25/gourdianlogger/gourdianlogger.go:498.49,500.21 1 1
github.com/gourdian25/gourdianlogger/gourdianlogger.go:500.21,503.3 2 0
github.com/gourdian25/gourdianlogger/gourdianlogger.go:505.2,508.60 3 1
github.com/gourdian25/gourdianlogger/gourdianlogger.go:508.60,510.30 2 1
github.com/gourdian25/gourdianlogger/gourdianlogger.go:510.30,512.4 1 1
github.com/gourdian25/gourdianlogger/gourdianlogger.go:514.2,514.23 1 1
github.com/gourdian25/gourdianlogger/gourdianlogger.go:517.41,518.27 1 1
github.com/gourdian25/gourdianlogger/gourdianlogger.go:518.27,520.3 1 1
github.com/gourdian25/gourdianlogger/gourdianlogger.go:520.8,520.36 1 1
github.com/gourdian25/gourdianlogger/gourdianlogger.go:520.36,522.3 1 1
github.com/gourdian25/gourdianlogger/gourdianlogger.go:525.112,538.22 7 1
github.com/gourdian25/gourdianlogger/gourdianlogger.go:538.22,541.3 2 1
github.com/gourdian25/gourdianlogger/gourdianlogger.go:544.2,547.21 2 1
github.com/gourdian25/gourdianlogger/gourdianlogger.go:547.21,551.25 4 1
github.com/gourdian25/gourdianlogger/gourdianlogger.go:551.25,553.4 1 1
github.com/gourdian25/gourdianlogger/gourdianlogger.go:554.3,556.26 2 1
github.com/gourdian25/gourdianlogger/gourdianlogger.go:556.26,557.14 1 1
github.com/gourdian25/gourdianlogger/gourdianlogger.go:557.14,559.5 1 1
github.com/gourdian25/gourdianlogger/gourdianlogger.go:560.4,563.42 4 1
github.com/gourdian25/gourdianlogger/gourdianlogger.go:565.3,565.27 1 1
github.com/gourdian25/gourdianlogger/gourdianlogger.go:568.2,569.25 2 1
github.com/gourdian25/gourdianlogger/gourdianlogger.go:572.111,578.40 5 1
github.com/gourdian25/gourdianlogger/gourdianlogger.go:578.40,580.3 1 1
github.com/gourdian25/gourdianlogger/gourdianlogger.go:582.2,582.42 1 1
github.com/gourdian25/gourdianlogger/gourdianlogger.go:582.42,584.3 1 1
github.com/gourdian25/gourdianlogger/gourdianlogger.go:586.2,586.27 1 1
github.com/gourdian25/gourdianlogger/gourdianlogger.go:586.27,588.3 1 1
github.com/gourdian25/gourdianlogger/gourdianlogger.go:590.2,593.26 3 1
github.com/gourdian25/gourdianlogger/gourdianlogger.go:593.26,595.3 1 1
github.com/gourdian25/gourdianlogger/gourdianlogger.go:595.8,597.3 1 1
github.com/gourdian25/gourdianlogger/gourdianlogger.go:599.2,599.16 1 1
github.com/gourdian25/gourdianlogger/gourdianlogger.go:599.16,601.3 1 0
github.com/gourdian25/gourdianlogger/gourdianlogger.go:602.2,602.32 1 1
github.com/gourdian25/gourdianlogger/gourdianlogger.go:605.41,606.21 1 1
github.com/gourdian25/gourdianlogger/gourdianlogger.go:606.21,608.3 1 1
github.com/gourdian25/gourdianlogger/gourdianlogger.go:610.2,611.9 2 1
github.com/gourdian25/gourdianlogger/gourdianlogger.go:611.9,613.3 1 0
github.com/gourdian25/gourdianlogger/gourdianlogger.go:616.2,617.15 2 1
github.com/gourdian25/gourdianlogger/gourdianlogger.go:617.15,619.3 1 0
github.com/gourdian25/gourdianlogger/gourdianlogger.go:622.2,623.65 2 1
github.com/gourdian25/gourdianlogger/gourdianlogger.go:623.65,625.3 1 1
github.com/gourdian25/gourdianlogger/gourdianlogger.go:626.2,626.61 1 1
github.com/gourdian25/gourdianlogger/gourdianlogger.go:626.61,628.3 1 1
github.com/gourdian25/gourdianlogger/gourdianlogger.go:630.2,630.67 1 1
github.com/gourdian25/gourdianlogger/gourdianlogger.go:633.85,634.21 1 1
github.com/gourdian25/gourdianlogger/gourdianlogger.go:634.21,636.3 1 1
github.com/gourdian25/gourdianlogger/gourdianlogger.go:639.2,639.26 1 1
github.com/gourdian25/gourdianlogger/gourdianlogger.go:639.26,640.29 1 1
github.com/gourdian25/gourdianlogger/gourdianlogger.go:640.29,642.4 1 1
github.com/gourdian25/gourdianlogger/gourdianlogger.go:646.2,647.29 2 1
github.com/gourdian25/gourdianlogger/gourdianlogger.go:647.29,649.3 1 1
github.com/gourdian25/gourdianlogger/gourdianlogger.go:649.8,651.3 1 1
github.com/gourdian25/gourdianlogger/gourdianlogger.go:653.2,653.26 1 1
github.com/gourdian25/gourdianlogger/gourdianlogger.go:653.26,655.3 1 1
github.com/gourdian25/gourdianlogger/gourdianlogger.go:657.2,658.20 2 1
github.com/gourdian25/gourdianlogger/gourdianlogger.go:658.20,660.3 1 1
github.com/gourdian25/gourdianlogger/gourdianlogger.go:662.2,663.18 2 1
github.com/gourdian25/gourdianlogger/gourdianlogger.go:664.18,665.63 1 1
github.com/gourdian25/gourdianlogger/gourdianlogger.go:666.10,667.64 1 1
github.com/gourdian25/gourdianlogger/gourdianlogger.go:670.2,670.21 1 1
github.com/gourdian25/gourdianlogger/gourdianlogger.go:670.21,673.3 2 1
github.com/gourdian25/gourdianlogger/gourdianlogger.go:675.2,675.25 1 1
github.com/gourdian25/gourdianlogger/gourdianlogger.go:675.25,680.10 4 1
github.com/gourdian25/gourdianlogger/gourdianlogger.go:681.28,681.28 0 1
github.com/gourdian25/gourdianlogger/gourdianlogger.go:682.11,683.22 1 1
github.com/gourdian25/gourdianlogger/gourdianlogger.go:685.8,688.22 3 1
github.com/gourdian25/gourdianlogger/gourdianlogger.go:688.22,691.4 2 0
github.com/gourdian25/gourdianlogger/gourdianlogger.go:692.3,692.67 1 1
github.com/gourdian25/gourdianlogger/gourdianlogger.go:692.67,695.4 2 1
github.com/gourdian25/gourdianlogger/gourdianlogger.go:698.2,698.20 1 1
github.com/gourdian25/gourdianlogger/gourdianlogger.go:698.20,701.3 2 1
github.com/gourdian25/gourdianlogger/gourdianlogger.go:704.41,705.19 1 1
github.com/gourdian25/gourdianlogger/gourdianlogger.go:705.19,707.3 1 1
github.com/gourdian25/gourdianlogger/gourdianlogger.go:709.2,710.16 2 1
github.com/gourdian25/gourdianlogger/gourdianlogger.go:710.16,712.3 1 0
github.com/gourdian25/gourdianlogger/gourdianlogger.go:714.2,714.34 1 1
github.com/gourdian25/gourdianlogger/gourdianlogger.go:714.34,716.3 1 0
github.com/gourdian25/gourdianlogger/gourdianlogger.go:719.2,720.40 2 1
github.com/gourdian25/gourdianlogger/gourdianlogger.go:720.40,722.3 1 0
github.com/gourdian25/gourdianlogger/gourdianlogger.go:725.2,734.20 6 1
github.com/gourdian25/gourdianlogger/gourdianlogger.go:734.20,736.23 1 0
github.com/gourdian25/gourdianlogger/gourdianlogger.go:736.23,737.108 1 0
github.com/gourdian25/gourdianlogger/gourdianlogger.go:737.108,740.5 2 0
github.com/gourdian25/gourdianlogger/gourdianlogger.go:742.3,742.96 1 0
github.com/gourdian25/gourdianlogger/gourdianlogger.go:746.2,751.24 4 1
github.com/gourdian25/gourdianlogger/gourdianlogger.go:751.24,753.3 1 1
github.com/gourdian25/gourdianlogger/gourdianlogger.go:754.2,758.22 4 1
github.com/gourdian25/gourdianlogger/gourdianlogger.go:758.22,760.3 1 1
github.com/gourdian25/gourdianlogger/gourdianlogger.go:763.2,764.12 2 1
github.com/gourdian25/gourdianlogger/gourdianlogger.go:767.38,770.47 3 1
github.com/gourdian25/gourdianlogger/gourdianlogger.go:770.47,772.3 1 1
github.com/gourdian25/gourdianlogger/gourdianlogger.go:774.2,774.40 1 1
github.com/gourdian25/gourdianlogger/gourdianlogger.go:774.40,778.3 3 1
github.com/gourdian25/gourdianlogger/gourdianlogger.go:780.2,780.53 1 1
github.com/gourdian25/gourdianlogger/gourdianlogger.go:780.53,782.3 1 1
github.com/gourdian25/gourdianlogger/gourdianlogger.go:793.26,794.25 1 1
github.com/gourdian25/gourdianlogger/gourdianlogger.go:794.25,796.29 1 1
github.com/gourdian25/gourdianlogger/gourdianlogger.go:796.29,798.4 1 1
github.com/gourdian25/gourdianlogger/gourdianlogger.go:801.3,801.37 1 1
github.com/gourdian25/gourdianlogger/gourdianlogger.go:805.2,805.24 1 1
github.com/gourdian25/gourdianlogger/gourdianlogger.go:805.24,808.3 1 1
github.com/gourdian25/gourdianlogger/gourdianlogger.go:817.46,819.2 1 1
github.com/gourdian25/gourdianlogger/gourdianlogger.go:828.41,830.2 1 1
github.com/gourdian25/gourdianlogger/gourdianlogger.go:844.58,846.2 1 1
github.com/gourdian25/gourdianlogger/gourdianlogger.go:855.46,856.19 1 1
github.com/gourdian25/gourdianlogger/gourdianlogger.go:856.19,858.3 1 0
github.com/gourdian25/gourdianlogger/gourdianlogger.go:860.2,863.21 3 1
github.com/gourdian25/gourdianlogger/gourdianlogger.go:863.21,865.3 1 0
github.com/gourdian25/gourdianlogger/gourdianlogger.go:867.2,868.46 2 1
github.com/gourdian25/gourdianlogger/gourdianlogger.go:876.49,880.21 3 1
github.com/gourdian25/gourdianlogger/gourdianlogger.go:880.21,882.3 1 0
github.com/gourdian25/gourdianlogger/gourdianlogger.go:884.2,884.30 1 1
github.com/gourdian25/gourdianlogger/gourdianlogger.go:884.30,885.18 1 1
github.com/gourdian25/gourdianlogger/gourdianlogger.go:885.18,889.4 3 1
github.com/gourdian25/gourdianlogger/gourdianlogger.go:899.32,900.43 1 1
github.com/gourdian25/gourdianlogger/gourdianlogger.go:900.43,902.3 1 1
github.com/gourdian25/gourdianlogger/gourdianlogger.go:905.2,905.29 1 1
github.com/gourdian25/gourdianlogger/gourdianlogger.go:905.29,907.3 1 1
github.com/gourdian25/gourdianlogger/gourdianlogger.go:908.2,912.12 3 1
github.com/gourdian25/gourdianlogger/gourdianlogger.go:912.12,915.3 2 1
github.com/gourdian25/gourdianlogger/gourdianlogger.go:918.2,918.9 1 1
github.com/gourdian25/gourdianlogger/gourdianlogger.go:919.14,919.14 0 1
github.com/gourdian25/gourdianlogger/gourdianlogger.go:920.37,920.37 0 0
github.com/gourdian25/gourdianlogger/gourdianlogger.go:925.2,928.19 3 1
github.com/gourdian25/gourdianlogger/gourdianlogger.go:928.19,930.3 1 1
github.com/gourdian25/gourdianlogger/gourdianlogger.go:931.2,931.12 1 1
github.com/gourdian25/gourdianlogger/gourdianlogger.go:941.34,943.2 1 1
github.com/gourdian25/gourdianlogger/gourdianlogger.go:953.26,955.2 1 1
github.com/gourdian25/gourdianlogger/gourdianlogger.go:958.27,960.2 1 1
github.com/gourdian25/gourdianlogger/gourdianlogger.go:963.34,965.2 1 1
github.com/gourdian25/gourdianlogger/gourdianlogger.go:973.42,975.2 1 1
github.com/gourdian25/gourdianlogger/gourdianlogger.go:979.41,981.2 1 1
github.com/gourdian25/gourdianlogger/gourdianlogger.go:985.41,987.2 1 1
github.com/gourdian25/gourdianlogger/gourdianlogger.go:991.42,993.2 1 1
github.com/gourdian25/gourdianlogger/gourdianlogger.go:997.42,1001.2 1 1
github.com/gourdian25/gourdianlogger/gourdianlogger.go:1009.58,1011.2 1 1
github.com/gourdian25/gourdianlogger/gourdianlogger.go:1015.57,1017.2 1 1
github.com/gourdian25/gourdianlogger/gourdianlogger.go:1021.57,1023.2 1 1
github.com/gourdian25/gourdianlogger/gourdianlogger.go:1027.58,1029.2 1 1
github.com/gourdian25/gourdianlogger/gourdianlogger.go:1033.58,1037.2 1 1
github.com/gourdian25/gourdianlogger/gourdianlogger.go:1048.83,1050.2 1 1
github.com/gourdian25/gourdianlogger/gourdianlogger.go:1053.82,1055.2 1 1
github.com/gourdian25/gourdianlogger/gourdianlogger.go:1058.82,1060.2 1 1
github.com/gourdian25/gourdianlogger/gourdianlogger.go:1063.83,1065.2 1 1
github.com/gourdian25/gourdianlogger/gourdianlogger.go:1069.83,1073.2 3 0
github.com/gourdian25/gourdianlogger/gourdianlogger.go:1082.99,1084.2 1 1
github.com/gourdian25/gourdianlogger/gourdianlogger.go:1087.98,1089.2 1 1
github.com/gourdian25/gourdianlogger/gourdianlogger.go:1092.98,1094.2 1 1
github.com/gourdian25/gourdianlogger/gourdianlogger.go:1097.99,1099.2 1 1
github.com/gourdian25/gourdianlogger/gourdianlogger.go:1103.99,1107.2 3 0
