mode: set
github.com/gourdian25/gourdianlogger/gourdianlogger.go:104.35,105.11 1 1
github.com/gourdian25/gourdianlogger/gourdianlogger.go:106.13,107.17 1 1
github.com/gourdian25/gourdianlogger/gourdianlogger.go:108.12,109.16 1 1
github.com/gourdian25/gourdianlogger/gourdianlogger.go:110.12,111.16 1 1
github.com/gourdian25/gourdianlogger/gourdianlogger.go:112.13,113.17 1 1
github.com/gourdian25/gourdianlogger/gourdianlogger.go:114.13,115.17 1 1
github.com/gourdian25/gourdianlogger/gourdianlogger.go:116.10,117.19 1 1
github.com/gourdian25/gourdianlogger/gourdianlogger.go:121.52,122.32 1 1
github.com/gourdian25/gourdianlogger/gourdianlogger.go:123.15,124.20 1 1
github.com/gourdian25/gourdianlogger/gourdianlogger.go:125.14,126.19 1 1
github.com/gourdian25/gourdianlogger/gourdianlogger.go:127.25,128.19 1 1
github.com/gourdian25/gourdianlogger/gourdianlogger.go:129.15,130.20 1 1
github.com/gourdian25/gourdianlogger/gourdianlogger.go:131.15,132.20 1 1
github.com/gourdian25/gourdianlogger/gourdianlogger.go:133.10,134.59 1 1
github.com/gourdian25/gourdianlogger/gourdianlogger.go:138.62,139.42 1 1
github.com/gourdian25/gourdianlogger/gourdianlogger.go:139.42,141.3 1 0
github.com/gourdian25/gourdianlogger/gourdianlogger.go:144.2,144.26 1 1
github.com/gourdian25/gourdianlogger/gourdianlogger.go:144.26,146.3 1 1
github.com/gourdian25/gourdianlogger/gourdianlogger.go:147.2,147.29 1 1
github.com/gourdian25/gourdianlogger/gourdianlogger.go:147.29,149.3 1 1
github.com/gourdian25/gourdianlogger/gourdianlogger.go:150.2,150.34 1 1
github.com/gourdian25/gourdianlogger/gourdianlogger.go:150.34,152.3 1 1
github.com/gourdian25/gourdianlogger/gourdianlogger.go:153.2,153.26 1 1
github.com/gourdian25/gourdianlogger/gourdianlogger.go:153.26,155.3 1 0
github.com/gourdian25/gourdianlogger/gourdianlogger.go:156.2,156.27 1 1
github.com/gourdian25/gourdianlogger/gourdianlogger.go:156.27,158.3 1 1
github.com/gourdian25/gourdianlogger/gourdianlogger.go:159.2,159.55 1 1
github.com/gourdian25/gourdianlogger/gourdianlogger.go:159.55,161.3 1 1
github.com/gourdian25/gourdianlogger/gourdianlogger.go:163.2,164.58 2 1
github.com/gourdian25/gourdianlogger/gourdianlogger.go:164.58,166.3 1 1
github.com/gourdian25/gourdianlogger/gourdianlogger.go:168.2,170.16 3 1
github.com/gourdian25/gourdianlogger/gourdianlogger.go:170.16,172.3 1 0
github.com/gourdian25/gourdianlogger/gourdianlogger.go:174.2,175.27 2 1
github.com/gourdian25/gourdianlogger/gourdianlogger.go:175.27,177.3 1 1
github.com/gourdian25/gourdianlogger/gourdianlogger.go:178.2,179.28 2 1
github.com/gourdian25/gourdianlogger/gourdianlogger.go:179.28,180.15 1 1
github.com/gourdian25/gourdianlogger/gourdianlogger.go:180.15,182.4 1 1
github.com/gourdian25/gourdianlogger/gourdianlogger.go:185.2,201.28 1 1
github.com/gourdian25/gourdianlogger/gourdianlogger.go:201.28,203.5 1 1
github.com/gourdian25/gourdianlogger/gourdianlogger.go:207.2,207.27 1 1
github.com/gourdian25/gourdianlogger/gourdianlogger.go:207.27,209.3 1 1
github.com/gourdian25/gourdianlogger/gourdianlogger.go:212.2,212.27 1 1
github.com/gourdian25/gourdianlogger/gourdianlogger.go:212.27,215.3 1 1
github.com/gourdian25/gourdianlogger/gourdianlogger.go:217.2,223.27 5 1
github.com/gourdian25/gourdianlogger/gourdianlogger.go:223.27,226.44 3 1
github.com/gourdian25/gourdianlogger/gourdianlogger.go:226.44,229.4 2 1
github.com/gourdian25/gourdianlogger/gourdianlogger.go:232.2,232.20 1 1
github.com/gourdian25/gourdianlogger/gourdianlogger.go:235.50,251.2 2 1
github.com/gourdian25/gourdianlogger/gourdianlogger.go:253.42,254.21 1 1
github.com/gourdian25/gourdianlogger/gourdianlogger.go:254.21,256.3 1 1
github.com/gourdian25/gourdianlogger/gourdianlogger.go:257.2,257.24 1 1
github.com/gourdian25/gourdianlogger/gourdianlogger.go:257.24,259.3 1 1
github.com/gourdian25/gourdianlogger/gourdianlogger.go:260.2,260.23 1 1
github.com/gourdian25/gourdianlogger/gourdianlogger.go:260.23,262.3 1 1
github.com/gourdian25/gourdianlogger/gourdianlogger.go:263.2,263.25 1 1
github.com/gourdian25/gourdianlogger/gourdianlogger.go:263.25,265.3 1 1
github.com/gourdian25/gourdianlogger/gourdianlogger.go:266.2,266.23 1 1
github.com/gourdian25/gourdianlogger/gourdianlogger.go:266.23,268.3 1 1
github.com/gourdian25/gourdianlogger/gourdianlogger.go:270.2,270.24 1 1
github.com/gourdian25/gourdianlogger/gourdianlogger.go:270.24,271.40 1 1
github.com/gourdian25/gourdianlogger/gourdianlogger.go:272.24,272.24 0 1
github.com/gourdian25/gourdianlogger/gourdianlogger.go:273.11,274.61 1 1
github.com/gourdian25/gourdianlogger/gourdianlogger.go:277.2,277.12 1 1
github.com/gourdian25/gourdianlogger/gourdianlogger.go:280.43,282.6 2 1
github.com/gourdian25/gourdianlogger/gourdianlogger.go:282.6,283.10 1 1
github.com/gourdian25/gourdianlogger/gourdianlogger.go:284.23,286.21 2 1
github.com/gourdian25/gourdianlogger/gourdianlogger.go:286.21,287.46 1 1
github.com/gourdian25/gourdianlogger/gourdianlogger.go:287.46,289.6 1 0
github.com/gourdian25/gourdianlogger/gourdianlogger.go:291.4,291.21 1 1
github.com/gourdian25/gourdianlogger/gourdianlogger.go:292.28,293.10 1 1
github.com/gourdian25/gourdianlogger/gourdianlogger.go:298.32,304.6 5 1
github.com/gourdian25/gourdianlogger/gourdianlogger.go:304.6,305.10 1 1
github.com/gourdian25/gourdianlogger/gourdianlogger.go:306.30,308.25 2 1
github.com/gourdian25/gourdianlogger/gourdianlogger.go:308.25,311.5 2 1
github.com/gourdian25/gourdianlogger/gourdianlogger.go:312.19,313.22 1 1
github.com/gourdian25/gourdianlogger/gourdianlogger.go:313.22,316.5 2 1
github.com/gourdian25/gourdianlogger/gourdianlogger.go:317.27,319.22 1 1
github.com/gourdian25/gourdianlogger/gourdianlogger.go:319.22,321.5 1 1
github.com/gourdian25/gourdianlogger/gourdianlogger.go:323.4,323.8 1 1
github.com/gourdian25/gourdianlogger/gourdianlogger.go:323.8,324.12 1 1
github.com/gourdian25/gourdianlogger/gourdianlogger.go:325.32,326.24 1 1
github.com/gourdian25/gourdianlogger/gourdianlogger.go:327.13,328.12 1 1
github.com/gourdian25/gourdianlogger/gourdianlogger.go:335.54,337.21 1 1
github.com/gourdian25/gourdianlogger/gourdianlogger.go:337.21,338.31 1 0
github.com/gourdian25/gourdianlogger/gourdianlogger.go:338.31,340.4 1 0
github.com/gourdian25/gourdianlogger/gourdianlogger.go:341.3,341.9 1 0
github.com/gourdian25/gourdianlogger/gourdianlogger.go:344.2,347.30 3 1
github.com/gourdian25/gourdianlogger/gourdianlogger.go:347.30,348.61 1 1
github.com/gourdian25/gourdianlogger/gourdianlogger.go:348.61,350.31 2 1
github.com/gourdian25/gourdianlogger/gourdianlogger.go:350.31,352.5 1 1
github.com/gourdian25/gourdianlogger/gourdianlogger.go:354.3,354.24 1 1
github.com/gourdian25/gourdianlogger/gourdianlogger.go:358.49,360.21 1 1
github.com/gourdian25/gourdianlogger/gourdianlogger.go:360.21,363.3 2 0
github.com/gourdian25/gourdianlogger/gourdianlogger.go:365.2,368.60 3 1
github.com/gourdian25/gourdianlogger/gourdianlogger.go:368.60,370.30 2 1
github.com/gourdian25/gourdianlogger/gourdianlogger.go:370.30,372.4 1 1
github.com/gourdian25/gourdianlogger/gourdianlogger.go:374.2,374.23 1 1
github.com/gourdian25/gourdianlogger/gourdianlogger.go:377.41,378.27 1 1
github.com/gourdian25/gourdianlogger/gourdianlogger.go:378.27,380.3 1 1
github.com/gourdian25/gourdianlogger/gourdianlogger.go:380.8,380.36 1 1
github.com/gourdian25/gourdianlogger/gourdianlogger.go:380.36,382.3 1 1
github.com/gourdian25/gourdianlogger/gourdianlogger.go:385.112,398.22 7 1
github.com/gourdian25/gourdianlogger/gourdianlogger.go:398.22,401.3 2 1
github.com/gourdian25/gourdianlogger/gourdianlogger.go:404.2,407.21 2 1
github.com/gourdian25/gourdianlogger/gourdianlogger.go:407.21,411.25 4 1
github.com/gourdian25/gourdianlogger/gourdianlogger.go:411.25,413.4 1 1
github.com/gourdian25/gourdianlogger/gourdianlogger.go:414.3,416.26 2 1
github.com/gourdian25/gourdianlogger/gourdianlogger.go:416.26,417.14 1 1
github.com/gourdian25/gourdianlogger/gourdianlogger.go:417.14,419.5 1 1
github.com/gourdian25/gourdianlogger/gourdianlogger.go:420.4,423.42 4 1
github.com/gourdian25/gourdianlogger/gourdianlogger.go:425.3,425.27 1 1
github.com/gourdian25/gourdianlogger/gourdianlogger.go:428.2,429.25 2 1
github.com/gourdian25/gourdianlogger/gourdianlogger.go:432.111,438.40 5 1
github.com/gourdian25/gourdianlogger/gourdianlogger.go:438.40,440.3 1 1
github.com/gourdian25/gourdianlogger/gourdianlogger.go:442.2,442.42 1 1
github.com/gourdian25/gourdianlogger/gourdianlogger.go:442.42,444.3 1 1
github.com/gourdian25/gourdianlogger/gourdianlogger.go:446.2,446.27 1 1
github.com/gourdian25/gourdianlogger/gourdianlogger.go:446.27,448.3 1 1
github.com/gourdian25/gourdianlogger/gourdianlogger.go:450.2,453.26 3 1
github.com/gourdian25/gourdianlogger/gourdianlogger.go:453.26,455.3 1 1
github.com/gourdian25/gourdianlogger/gourdianlogger.go:455.8,457.3 1 1
github.com/gourdian25/gourdianlogger/gourdianlogger.go:459.2,459.16 1 1
github.com/gourdian25/gourdianlogger/gourdianlogger.go:459.16,461.3 1 0
github.com/gourdian25/gourdianlogger/gourdianlogger.go:462.2,462.32 1 1
github.com/gourdian25/gourdianlogger/gourdianlogger.go:465.41,466.21 1 1
github.com/gourdian25/gourdianlogger/gourdianlogger.go:466.21,468.3 1 1
github.com/gourdian25/gourdianlogger/gourdianlogger.go:470.2,471.9 2 1
github.com/gourdian25/gourdianlogger/gourdianlogger.go:471.9,473.3 1 0
github.com/gourdian25/gourdianlogger/gourdianlogger.go:476.2,477.15 2 1
github.com/gourdian25/gourdianlogger/gourdianlogger.go:477.15,479.3 1 0
github.com/gourdian25/gourdianlogger/gourdianlogger.go:482.2,483.65 2 1
github.com/gourdian25/gourdianlogger/gourdianlogger.go:483.65,485.3 1 1
github.com/gourdian25/gourdianlogger/gourdianlogger.go:486.2,486.61 1 1
github.com/gourdian25/gourdianlogger/gourdianlogger.go:486.61,488.3 1 1
github.com/gourdian25/gourdianlogger/gourdianlogger.go:490.2,490.67 1 1
github.com/gourdian25/gourdianlogger/gourdianlogger.go:493.85,494.21 1 1
github.com/gourdian25/gourdianlogger/gourdianlogger.go:494.21,496.3 1 1
github.com/gourdian25/gourdianlogger/gourdianlogger.go:498.2,498.21 1 1
github.com/gourdian25/gourdianlogger/gourdianlogger.go:498.21,500.3 1 1
github.com/gourdian25/gourdianlogger/gourdianlogger.go:503.2,503.26 1 1
github.com/gourdian25/gourdianlogger/gourdianlogger.go:503.26,504.29 1 1
github.com/gourdian25/gourdianlogger/gourdianlogger.go:504.29,506.4 1 1
github.com/gourdian25/gourdianlogger/gourdianlogger.go:510.2,511.29 2 1
github.com/gourdian25/gourdianlogger/gourdianlogger.go:511.29,513.3 1 1
github.com/gourdian25/gourdianlogger/gourdianlogger.go:513.8,515.3 1 1
github.com/gourdian25/gourdianlogger/gourdianlogger.go:517.2,517.26 1 1
github.com/gourdian25/gourdianlogger/gourdianlogger.go:517.26,519.3 1 1
github.com/gourdian25/gourdianlogger/gourdianlogger.go:521.2,522.20 2 1
github.com/gourdian25/gourdianlogger/gourdianlogger.go:522.20,524.3 1 1
github.com/gourdian25/gourdianlogger/gourdianlogger.go:526.2,527.18 2 1
github.com/gourdian25/gourdianlogger/gourdianlogger.go:528.18,529.63 1 1
github.com/gourdian25/gourdianlogger/gourdianlogger.go:530.10,531.64 1 1
github.com/gourdian25/gourdianlogger/gourdianlogger.go:534.2,534.25 1 1
github.com/gourdian25/gourdianlogger/gourdianlogger.go:534.25,539.10 4 1
github.com/gourdian25/gourdianlogger/gourdianlogger.go:540.28,540.28 0 1
github.com/gourdian25/gourdianlogger/gourdianlogger.go:541.11,542.22 1 1
github.com/gourdian25/gourdianlogger/gourdianlogger.go:544.8,547.22 3 1
github.com/gourdian25/gourdianlogger/gourdianlogger.go:547.22,550.4 2 0
github.com/gourdian25/gourdianlogger/gourdianlogger.go:551.3,551.67 1 1
github.com/gourdian25/gourdianlogger/gourdianlogger.go:551.67,553.31 2 1
github.com/gourdian25/gourdianlogger/gourdianlogger.go:553.31,555.5 1 1
github.com/gourdian25/gourdianlogger/gourdianlogger.go:559.2,559.20 1 1
github.com/gourdian25/gourdianlogger/gourdianlogger.go:559.20,562.3 2 1
github.com/gourdian25/gourdianlogger/gourdianlogger.go:565.41,566.19 1 1
github.com/gourdian25/gourdianlogger/gourdianlogger.go:566.19,568.3 1 0
github.com/gourdian25/gourdianlogger/gourdianlogger.go:570.2,571.16 2 1
github.com/gourdian25/gourdianlogger/gourdianlogger.go:571.16,573.3 1 0
github.com/gourdian25/gourdianlogger/gourdianlogger.go:575.2,575.34 1 1
github.com/gourdian25/gourdianlogger/gourdianlogger.go:575.34,577.3 1 0
github.com/gourdian25/gourdianlogger/gourdianlogger.go:580.2,581.40 2 1
github.com/gourdian25/gourdianlogger/gourdianlogger.go:581.40,583.3 1 0
github.com/gourdian25/gourdianlogger/gourdianlogger.go:586.2,591.62 4 1
github.com/gourdian25/gourdianlogger/gourdianlogger.go:591.62,594.21 2 0
github.com/gourdian25/gourdianlogger/gourdianlogger.go:594.21,596.4 1 0
github.com/gourdian25/gourdianlogger/gourdianlogger.go:597.3,598.58 2 0
github.com/gourdian25/gourdianlogger/gourdianlogger.go:602.2,603.16 2 1
github.com/gourdian25/gourdianlogger/gourdianlogger.go:603.16,605.3 1 0
github.com/gourdian25/gourdianlogger/gourdianlogger.go:608.2,613.24 4 1
github.com/gourdian25/gourdianlogger/gourdianlogger.go:613.24,615.3 1 1
github.com/gourdian25/gourdianlogger/gourdianlogger.go:616.2,622.12 5 1
github.com/gourdian25/gourdianlogger/gourdianlogger.go:625.38,628.47 3 1
github.com/gourdian25/gourdianlogger/gourdianlogger.go:628.47,630.3 1 1
github.com/gourdian25/gourdianlogger/gourdianlogger.go:632.2,632.40 1 1
github.com/gourdian25/gourdianlogger/gourdianlogger.go:632.40,636.3 3 1
github.com/gourdian25/gourdianlogger/gourdianlogger.go:638.2,638.53 1 1
github.com/gourdian25/gourdianlogger/gourdianlogger.go:638.53,640.3 1 1
github.com/gourdian25/gourdianlogger/gourdianlogger.go:643.26,644.25 1 1
github.com/gourdian25/gourdianlogger/gourdianlogger.go:644.25,646.29 1 1
github.com/gourdian25/gourdianlogger/gourdianlogger.go:646.29,648.4 1 1
github.com/gourdian25/gourdianlogger/gourdianlogger.go:651.3,651.37 1 1
github.com/gourdian25/gourdianlogger/gourdianlogger.go:655.2,655.24 1 1
github.com/gourdian25/gourdianlogger/gourdianlogger.go:655.24,658.3 1 1
github.com/gourdian25/gourdianlogger/gourdianlogger.go:661.46,663.2 1 1
github.com/gourdian25/gourdianlogger/gourdianlogger.go:665.41,667.2 1 1
github.com/gourdian25/gourdianlogger/gourdianlogger.go:669.58,671.2 1 1
github.com/gourdian25/gourdianlogger/gourdianlogger.go:673.46,674.19 1 1
github.com/gourdian25/gourdianlogger/gourdianlogger.go:674.19,676.3 1 0
github.com/gourdian25/gourdianlogger/gourdianlogger.go:678.2,681.21 3 1
github.com/gourdian25/gourdianlogger/gourdianlogger.go:681.21,683.3 1 0
github.com/gourdian25/gourdianlogger/gourdianlogger.go:685.2,686.46 2 1
github.com/gourdian25/gourdianlogger/gourdianlogger.go:689.49,693.21 3 1
github.com/gourdian25/gourdianlogger/gourdianlogger.go:693.21,695.3 1 0
github.com/gourdian25/gourdianlogger/gourdianlogger.go:697.2,697.30 1 1
github.com/gourdian25/gourdianlogger/gourdianlogger.go:697.30,698.18 1 1
github.com/gourdian25/gourdianlogger/gourdianlogger.go:698.18,702.4 3 1
github.com/gourdian25/gourdianlogger/gourdianlogger.go:705.32,706.43 1 1
github.com/gourdian25/gourdianlogger/gourdianlogger.go:706.43,708.3 1 1
github.com/gourdian25/gourdianlogger/gourdianlogger.go:711.2,711.29 1 1
github.com/gourdian25/gourdianlogger/gourdianlogger.go:711.29,713.3 1 1
github.com/gourdian25/gourdianlogger/gourdianlogger.go:714.2,718.12 3 1
github.com/gourdian25/gourdianlogger/gourdianlogger.go:718.12,721.3 2 1
github.com/gourdian25/gourdianlogger/gourdianlogger.go:724.2,724.9 1 1
github.com/gourdian25/gourdianlogger/gourdianlogger.go:725.14,725.14 0 1
github.com/gourdian25/gourdianlogger/gourdianlogger.go:726.37,726.37 0 0
github.com/gourdian25/gourdianlogger/gourdianlogger.go:731.2,734.19 3 1
github.com/gourdian25/gourdianlogger/gourdianlogger.go:734.19,736.3 1 1
github.com/gourdian25/gourdianlogger/gourdianlogger.go:737.2,737.12 1 0
github.com/gourdian25/gourdianlogger/gourdianlogger.go:740.34,742.2 1 1
github.com/gourdian25/gourdianlogger/gourdianlogger.go:744.26,746.2 1 1
github.com/gourdian25/gourdianlogger/gourdianlogger.go:748.27,750.2 1 1
github.com/gourdian25/gourdianlogger/gourdianlogger.go:752.34,754.2 1 1
github.com/gourdian25/gourdianlogger/gourdianlogger.go:756.42,758.2 1 1
github.com/gourdian25/gourdianlogger/gourdianlogger.go:760.41,762.2 1 1
github.com/gourdian25/gourdianlogger/gourdianlogger.go:764.41,766.2 1 1
github.com/gourdian25/gourdianlogger/gourdianlogger.go:768.42,770.2 1 1
github.com/gourdian25/gourdianlogger/gourdianlogger.go:772.42,776.2 1 1
github.com/gourdian25/gourdianlogger/gourdianlogger.go:778.58,780.2 1 1
github.com/gourdian25/gourdianlogger/gourdianlogger.go:782.57,784.2 1 1
github.com/gourdian25/gourdianlogger/gourdianlogger.go:786.57,788.2 1 1
github.com/gourdian25/gourdianlogger/gourdianlogger.go:790.58,792.2 1 1
github.com/gourdian25/gourdianlogger/gourdianlogger.go:794.58,798.2 1 1
github.com/gourdian25/gourdianlogger/gourdianlogger.go:800.83,802.2 1 1
github.com/gourdian25/gourdianlogger/gourdianlogger.go:804.82,806.2 1 1
github.com/gourdian25/gourdianlogger/gourdianlogger.go:808.82,810.2 1 1
github.com/gourdian25/gourdianlogger/gourdianlogger.go:812.83,814.2 1 1
github.com/gourdian25/gourdianlogger/gourdianlogger.go:816.83,820.2 3 0
github.com/gourdian25/gourdianlogger/gourdianlogger.go:822.99,824.2 1 1
github.com/gourdian25/gourdianlogger/gourdianlogger.go:826.98,828.2 1 1
github.com/gourdian25/gourdianlogger/gourdianlogger.go:830.98,832.2 1 1
github.com/gourdian25/gourdianlogger/gourdianlogger.go:834.99,836.2 1 1
github.com/gourdian25/gourdianlogger/gourdianlogger.go:838.99,842.2 3 0
